#
# There is insufficient memory for the Java Runtime Environment to continue.
# Native memory allocation (malloc) failed to allocate 1723856 bytes for Chunk::new
# Possible reasons:
#   The system is out of physical RAM or swap space
#   In 32 bit mode, the process size limit was hit
# Possible solutions:
#   Reduce memory load on the system
#   Increase physical memory or swap space
#   Check if swap backing store is full
#   Use 64 bit Java on a 64 bit OS
#   Decrease Java heap size (-Xmx/-Xms)
#   Decrease number of Java threads
#   Decrease Java thread stack sizes (-Xss)
#   Set larger code cache with -XX:ReservedCodeCacheSize=
# This output file may be truncated or incomplete.
#
#  Out of Memory Error (allocation.cpp:390), pid=7344, tid=8800
#
# JRE version: Java(TM) SE Runtime Environment (8.0_25-b18) (build 1.8.0_25-b18)
# Java VM: Java HotSpot(TM) 64-Bit Server VM (25.25-b02 mixed mode windows-amd64 compressed oops)
# Failed to write core dump. Minidumps are not enabled by default on client versions of Windows
#

---------------  T H R E A D  ---------------

Current thread (0x0000000056868000):  JavaThread "C2 CompilerThread1" daemon [_thread_in_native, id=8800, stack(0x0000000057000000,0x0000000057100000)]

Stack: [0x0000000057000000,0x0000000057100000]
Native frames: (J=compiled Java code, j=interpreted, Vv=VM code, C=native code)
V  [jvm.dll+0x31667a]
V  [jvm.dll+0x267073]
V  [jvm.dll+0x267cb3]
V  [jvm.dll+0x25f5b5]
V  [jvm.dll+0xbf165]
V  [jvm.dll+0xbf60c]
V  [jvm.dll+0x45d672]
V  [jvm.dll+0x49e8ef]
V  [jvm.dll+0x4524ef]
V  [jvm.dll+0x453864]
V  [jvm.dll+0x437372]
V  [jvm.dll+0x98a02]
V  [jvm.dll+0x991f3]
V  [jvm.dll+0x22bde4]
V  [jvm.dll+0x2852fa]
C  [msvcr100.dll+0x21d9f]
C  [msvcr100.dll+0x21e3b]
C  [kernel32.dll+0x159ed]
C  [ntdll.dll+0x2b371]


Current CompileTask:
C2:   9612 5162   !   4       com.sun.beans.TypeResolver::resolve (274 bytes)


---------------  P R O C E S S  ---------------

Java Threads: ( => current thread )
  0x000000005894b800 JavaThread "Forward streams with process: command 'D:\Program Files\Java\jdk1.8.0_25\bin\java.exe' Thread 3" [_thread_in_native, id=13368, stack(0x00000000620d0000,0x00000000621d0000)]
  0x000000005894a800 JavaThread "Forward streams with process: command 'D:\Program Files\Java\jdk1.8.0_25\bin\java.exe' Thread 2" [_thread_in_native, id=14236, stack(0x0000000061e10000,0x0000000061f10000)]
  0x000000005894a000 JavaThread "Forward streams with process: command 'D:\Program Files\Java\jdk1.8.0_25\bin\java.exe'" [_thread_blocked, id=9892, stack(0x00000000614f0000,0x00000000615f0000)]
  0x0000000058949000 JavaThread "Forward streams with process: command 'D:\Program Files\Java\jdk1.8.0_25\bin\java.exe' Thread 3" [_thread_in_native, id=7948, stack(0x0000000061c80000,0x0000000061d80000)]
  0x0000000058948800 JavaThread "Forward streams with process: command 'D:\Program Files\Java\jdk1.8.0_25\bin\java.exe' Thread 2" [_thread_in_native, id=13408, stack(0x0000000061b70000,0x0000000061c70000)]
  0x0000000058947800 JavaThread "Forward streams with process: command 'D:\Program Files\Java\jdk1.8.0_25\bin\java.exe'" [_thread_blocked, id=10180, stack(0x0000000061a30000,0x0000000061b30000)]
  0x0000000058947000 JavaThread "Forward streams with process: command 'D:\Program Files\Java\jdk1.8.0_25\bin\java.exe' Thread 3" [_thread_in_native, id=7432, stack(0x0000000061650000,0x0000000061750000)]
  0x0000000058946000 JavaThread "Forward streams with process: command 'D:\Program Files\Java\jdk1.8.0_25\bin\java.exe' Thread 2" [_thread_in_native, id=1900, stack(0x00000000617f0000,0x00000000618f0000)]
  0x0000000058945800 JavaThread "Forward streams with process: command 'D:\Program Files\Java\jdk1.8.0_25\bin\java.exe'" [_thread_blocked, id=13296, stack(0x0000000060e90000,0x0000000060f90000)]
  0x0000000058720000 JavaThread "Forward streams with process: command 'D:\Program Files\Java\jdk1.8.0_25\bin\java.exe' Thread 3" [_thread_in_native, id=13000, stack(0x0000000061330000,0x0000000061430000)]
  0x000000005871f800 JavaThread "Forward streams with process: command 'D:\Program Files\Java\jdk1.8.0_25\bin\java.exe' Thread 2" [_thread_in_native, id=10068, stack(0x0000000061210000,0x0000000061310000)]
  0x000000005871e800 JavaThread "Forward streams with process: command 'D:\Program Files\Java\jdk1.8.0_25\bin\java.exe'" [_thread_blocked, id=6968, stack(0x0000000061000000,0x0000000061100000)]
  0x000000005871d000 JavaThread "Run command 'D:\Program Files\Java\jdk1.8.0_25\bin\java.exe'" [_thread_in_native, id=10480, stack(0x0000000060d60000,0x0000000060e60000)]
  0x000000005871c800 JavaThread "Run command 'D:\Program Files\Java\jdk1.8.0_25\bin\java.exe'" [_thread_in_native, id=5564, stack(0x0000000060a00000,0x0000000060b00000)]
  0x000000005871b800 JavaThread "Run command 'D:\Program Files\Java\jdk1.8.0_25\bin\java.exe'" [_thread_in_native, id=9492, stack(0x0000000060c60000,0x0000000060d60000)]
  0x000000005871b000 JavaThread "Run command 'D:\Program Files\Java\jdk1.8.0_25\bin\java.exe'" [_thread_in_native, id=9256, stack(0x0000000060b50000,0x0000000060c50000)]
  0x000000005871a000 JavaThread "pool-2-thread-4" [_thread_blocked, id=13988, stack(0x00000000608c0000,0x00000000609c0000)]
  0x0000000058719800 JavaThread "pool-2-thread-2" [_thread_blocked, id=13900, stack(0x0000000060740000,0x0000000060840000)]
  0x0000000058718800 JavaThread "pool-2-thread-3" [_thread_blocked, id=6996, stack(0x00000000605b0000,0x00000000606b0000)]
  0x0000000058718000 JavaThread "pool-2-thread-1" [_thread_blocked, id=2732, stack(0x00000000602b0000,0x00000000603b0000)]
  0x0000000058717000 JavaThread "pool-1-thread-4" [_thread_blocked, id=7604, stack(0x00000000597d0000,0x00000000598d0000)]
  0x0000000058716800 JavaThread "pool-1-thread-3" [_thread_blocked, id=10788, stack(0x00000000603d0000,0x00000000604d0000)]
  0x0000000058715800 JavaThread "pool-1-thread-2" [_thread_blocked, id=5540, stack(0x000000005c860000,0x000000005c960000)]
  0x0000000058715000 JavaThread "pool-1-thread-1" [_thread_blocked, id=11636, stack(0x0000000060120000,0x0000000060220000)]
  0x000000005b919800 JavaThread "File lock request listener" [_thread_in_native, id=12140, stack(0x000000005ce20000,0x000000005cf20000)]
  0x000000005811c000 JavaThread "Stdin handler" [_thread_blocked, id=11344, stack(0x0000000059b60000,0x0000000059c60000)]
  0x000000005810d800 JavaThread "Daemon worker" [_thread_blocked, id=4424, stack(0x0000000059a40000,0x0000000059b40000)]
  0x0000000058107800 JavaThread "Cancel handler" [_thread_blocked, id=13344, stack(0x00000000598f0000,0x00000000599f0000)]
  0x0000000058350800 JavaThread "Handler for socket connection from /127.0.0.1:57430 to /127.0.0.1:57431" [_thread_in_native, id=13064, stack(0x00000000596d0000,0x00000000597d0000)]
  0x0000000058350000 JavaThread "Daemon" [_thread_blocked, id=9704, stack(0x0000000059590000,0x0000000059690000)]
  0x00000000581c1800 JavaThread "Incoming local TCP Connector on port 57430" [_thread_in_native, id=9600, stack(0x00000000591c0000,0x00000000592c0000)]
  0x00000000568e7000 JavaThread "Service Thread" daemon [_thread_blocked, id=11040, stack(0x0000000057380000,0x0000000057480000)]
  0x0000000056869800 JavaThread "C1 CompilerThread2" daemon [_thread_blocked, id=12312, stack(0x0000000057230000,0x0000000057330000)]
=>0x0000000056868000 JavaThread "C2 CompilerThread1" daemon [_thread_in_native, id=8800, stack(0x0000000057000000,0x0000000057100000)]
  0x000000005516c000 JavaThread "C2 CompilerThread0" daemon [_thread_blocked, id=11880, stack(0x0000000056e90000,0x0000000056f90000)]
  0x000000005685a800 JavaThread "Attach Listener" daemon [_thread_blocked, id=9944, stack(0x0000000056c70000,0x0000000056d70000)]
  0x000000005515d000 JavaThread "Signal Dispatcher" daemon [_thread_blocked, id=12384, stack(0x00000000562a0000,0x00000000563a0000)]
  0x0000000055106000 JavaThread "Finalizer" daemon [_thread_blocked, id=7796, stack(0x0000000056750000,0x0000000056850000)]
  0x00000000550fd000 JavaThread "Reference Handler" daemon [_thread_blocked, id=9068, stack(0x0000000056570000,0x0000000056670000)]
  0x0000000002538000 JavaThread "main" [_thread_blocked, id=11248, stack(0x0000000002910000,0x0000000002a10000)]

Other Threads:
  0x00000000550f6800 VMThread [stack: 0x00000000563a0000,0x00000000564a0000] [id=8340]
  0x00000000568f5800 WatcherThread [stack: 0x0000000056d90000,0x0000000056e90000] [id=12428]

VM state:not at safepoint (normal execution)

VM Mutex/Monitor currently owned by a thread: None

Heap:
 PSYoungGen      total 140288K, used 112162K [0x00000000eab00000, 0x00000000f6900000, 0x0000000100000000)
  eden space 127488K, 77% used [0x00000000eab00000,0x00000000f0c10b20,0x00000000f2780000)
  from space 12800K, 99% used [0x00000000f2780000,0x00000000f33f8068,0x00000000f3400000)
  to   space 16896K, 0% used [0x00000000f5880000,0x00000000f5880000,0x00000000f6900000)
 ParOldGen       total 145920K, used 24094K [0x00000000c0000000, 0x00000000c8e80000, 0x00000000eab00000)
  object space 145920K, 16% used [0x00000000c0000000,0x00000000c1787890,0x00000000c8e80000)
 Metaspace       used 47784K, capacity 48772K, committed 49064K, reserved 1091584K
  class space    used 6520K, capacity 6754K, committed 6824K, reserved 1048576K

Card table byte_map: [0x0000000011dd0000,0x0000000011fe0000] byte_map_base: 0x00000000117d0000

Marking Bits: (ParMarkBitMap*) 0x00000000706ad490
 Begin Bits: [0x0000000012570000, 0x0000000013570000)
 End Bits:   [0x0000000013570000, 0x0000000014570000)

Polling page: 0x0000000000130000

CodeCache: size=245760Kb used=17232Kb max_used=17248Kb free=228527Kb
 bounds [0x0000000002a10000, 0x0000000003b00000, 0x0000000011a10000]
 total_blobs=6312 nmethods=5610 adapters=614
 compilation: enabled

Compilation events (10 events):
Event: 9.147 Thread 0x000000005516c000 5144       4       java.beans.MethodRef::set (58 bytes)
Event: 9.149 Thread 0x000000005516c000 nmethod 5144 0x0000000003ad9cd0 code [0x0000000003ad9e40, 0x0000000003ada108]
Event: 9.149 Thread 0x000000005516c000 5142       4       org.codehaus.groovy.reflection.CachedClass::hashCode (33 bytes)
Event: 9.149 Thread 0x000000005516c000 nmethod 5142 0x0000000003ad9a10 code [0x0000000003ad9b60, 0x0000000003ad9c28]
Event: 9.149 Thread 0x000000005516c000 5174       4       groovy.lang.MetaClassImpl::makeReplacementMetaProperty (251 bytes)
Event: 9.155 Thread 0x000000005516c000 nmethod 5174 0x0000000003ad5190 code [0x0000000003ad5380, 0x0000000003ad5a80]
Event: 9.155 Thread 0x000000005516c000 5175       4       groovy.lang.MetaClassImpl::createMetaBeanProperty (37 bytes)
Event: 9.177 Thread 0x000000005516c000 nmethod 5175 0x0000000003af8fd0 code [0x0000000003af9200, 0x0000000003afa380]
Event: 9.177 Thread 0x000000005516c000 5143       4       java.lang.reflect.AccessibleObject::setAccessible0 (42 bytes)
Event: 9.178 Thread 0x000000005516c000 nmethod 5143 0x0000000003ad6450 code [0x0000000003ad65a0, 0x0000000003ad66a8]

GC Heap History (10 events):
Event: 3.235 GC heap before
{Heap before GC invocations=7 (full 1):
 PSYoungGen      total 95744K, used 95715K [0x00000000eab00000, 0x00000000f1700000, 0x0000000100000000)
  eden space 88064K, 100% used [0x00000000eab00000,0x00000000f0100000,0x00000000f0100000)
  from space 7680K, 99% used [0x00000000f0880000,0x00000000f0ff8f20,0x00000000f1000000)
  to   space 7168K, 0% used [0x00000000f1000000,0x00000000f1000000,0x00000000f1700000)
 ParOldGen       total 92672K, used 10156K [0x00000000c0000000, 0x00000000c5a80000, 0x00000000eab00000)
  object space 92672K, 10% used [0x00000000c0000000,0x00000000c09eb168,0x00000000c5a80000)
 Metaspace       used 33266K, capacity 33770K, committed 34048K, reserved 1079296K
  class space    used 4418K, capacity 4537K, committed 4608K, reserved 1048576K
Event: 3.243 GC heap after
Heap after GC invocations=7 (full 1):
 PSYoungGen      total 98304K, used 7140K [0x00000000eab00000, 0x00000000f3380000, 0x0000000100000000)
  eden space 91136K, 0% used [0x00000000eab00000,0x00000000eab00000,0x00000000f0400000)
  from space 7168K, 99% used [0x00000000f1000000,0x00000000f16f9030,0x00000000f1700000)
  to   space 12288K, 0% used [0x00000000f0400000,0x00000000f0400000,0x00000000f1000000)
 ParOldGen       total 92672K, used 13551K [0x00000000c0000000, 0x00000000c5a80000, 0x00000000eab00000)
  object space 92672K, 14% used [0x00000000c0000000,0x00000000c0d3bc98,0x00000000c5a80000)
 Metaspace       used 33266K, capacity 33770K, committed 34048K, reserved 1079296K
  class space    used 4418K, capacity 4537K, committed 4608K, reserved 1048576K
}
Event: 3.421 GC heap before
{Heap before GC invocations=8 (full 1):
 PSYoungGen      total 98304K, used 37400K [0x00000000eab00000, 0x00000000f3380000, 0x0000000100000000)
  eden space 91136K, 33% used [0x00000000eab00000,0x00000000ec88d210,0x00000000f0400000)
  from space 7168K, 99% used [0x00000000f1000000,0x00000000f16f9030,0x00000000f1700000)
  to   space 12288K, 0% used [0x00000000f0400000,0x00000000f0400000,0x00000000f1000000)
 ParOldGen       total 92672K, used 13551K [0x00000000c0000000, 0x00000000c5a80000, 0x00000000eab00000)
  object space 92672K, 14% used [0x00000000c0000000,0x00000000c0d3bc98,0x00000000c5a80000)
 Metaspace       used 34776K, capacity 35366K, committed 35496K, reserved 1079296K
  class space    used 4610K, capacity 4740K, committed 4776K, reserved 1048576K
Event: 3.432 GC heap after
Heap after GC invocations=8 (full 1):
 PSYoungGen      total 103424K, used 9343K [0x00000000eab00000, 0x00000000f4280000, 0x0000000100000000)
  eden space 91136K, 0% used [0x00000000eab00000,0x00000000eab00000,0x00000000f0400000)
  from space 12288K, 76% used [0x00000000f0400000,0x00000000f0d1fc38,0x00000000f1000000)
  to   space 12288K, 0% used [0x00000000f3680000,0x00000000f3680000,0x00000000f4280000)
 ParOldGen       total 92672K, used 13559K [0x00000000c0000000, 0x00000000c5a80000, 0x00000000eab00000)
  object space 92672K, 14% used [0x00000000c0000000,0x00000000c0d3dc98,0x00000000c5a80000)
 Metaspace       used 34776K, capacity 35366K, committed 35496K, reserved 1079296K
  class space    used 4610K, capacity 4740K, committed 4776K, reserved 1048576K
}
Event: 3.432 GC heap before
{Heap before GC invocations=9 (full 2):
 PSYoungGen      total 103424K, used 9343K [0x00000000eab00000, 0x00000000f4280000, 0x0000000100000000)
  eden space 91136K, 0% used [0x00000000eab00000,0x00000000eab00000,0x00000000f0400000)
  from space 12288K, 76% used [0x00000000f0400000,0x00000000f0d1fc38,0x00000000f1000000)
  to   space 12288K, 0% used [0x00000000f3680000,0x00000000f3680000,0x00000000f4280000)
 ParOldGen       total 92672K, used 13559K [0x00000000c0000000, 0x00000000c5a80000, 0x00000000eab00000)
  object space 92672K, 14% used [0x00000000c0000000,0x00000000c0d3dc98,0x00000000c5a80000)
 Metaspace       used 34776K, capacity 35366K, committed 35496K, reserved 1079296K
  class space    used 4610K, capacity 4740K, committed 4776K, reserved 1048576K
Event: 3.499 GC heap after
Heap after GC invocations=9 (full 2):
 PSYoungGen      total 103424K, used 0K [0x00000000eab00000, 0x00000000f4280000, 0x0000000100000000)
  eden space 91136K, 0% used [0x00000000eab00000,0x00000000eab00000,0x00000000f0400000)
  from space 12288K, 0% used [0x00000000f0400000,0x00000000f0400000,0x00000000f1000000)
  to   space 12288K, 0% used [0x00000000f3680000,0x00000000f3680000,0x00000000f4280000)
 ParOldGen       total 145920K, used 16172K [0x00000000c0000000, 0x00000000c8e80000, 0x00000000eab00000)
  object space 145920K, 11% used [0x00000000c0000000,0x00000000c0fcb288,0x00000000c8e80000)
 Metaspace       used 34776K, capacity 35366K, committed 35496K, reserved 1079296K
  class space    used 4610K, capacity 4740K, committed 4776K, reserved 1048576K
}
Event: 4.120 GC heap before
{Heap before GC invocations=10 (full 2):
 PSYoungGen      total 103424K, used 91103K [0x00000000eab00000, 0x00000000f4280000, 0x0000000100000000)
  eden space 91136K, 99% used [0x00000000eab00000,0x00000000f03f7e88,0x00000000f0400000)
  from space 12288K, 0% used [0x00000000f0400000,0x00000000f0400000,0x00000000f1000000)
  to   space 12288K, 0% used [0x00000000f3680000,0x00000000f3680000,0x00000000f4280000)
 ParOldGen       total 145920K, used 16172K [0x00000000c0000000, 0x00000000c8e80000, 0x00000000eab00000)
  object space 145920K, 11% used [0x00000000c0000000,0x00000000c0fcb288,0x00000000c8e80000)
 Metaspace       used 40774K, capacity 41580K, committed 41768K, reserved 1085440K
  class space    used 5458K, capacity 5608K, committed 5672K, reserved 1048576K
Event: 4.127 GC heap after
Heap after GC invocations=10 (full 2):
 PSYoungGen      total 137728K, used 10187K [0x00000000eab00000, 0x00000000f4080000, 0x0000000100000000)
  eden space 127488K, 0% used [0x00000000eab00000,0x00000000eab00000,0x00000000f2780000)
  from space 10240K, 99% used [0x00000000f3680000,0x00000000f4072e30,0x00000000f4080000)
  to   space 12800K, 0% used [0x00000000f2780000,0x00000000f2780000,0x00000000f3400000)
 ParOldGen       total 145920K, used 16180K [0x00000000c0000000, 0x00000000c8e80000, 0x00000000eab00000)
  object space 145920K, 11% used [0x00000000c0000000,0x00000000c0fcd288,0x00000000c8e80000)
 Metaspace       used 40774K, capacity 41580K, committed 41768K, reserved 1085440K
  class space    used 5458K, capacity 5608K, committed 5672K, reserved 1048576K
}
Event: 5.155 GC heap before
{Heap before GC invocations=11 (full 2):
 PSYoungGen      total 137728K, used 137675K [0x00000000eab00000, 0x00000000f4080000, 0x0000000100000000)
  eden space 127488K, 100% used [0x00000000eab00000,0x00000000f2780000,0x00000000f2780000)
  from space 10240K, 99% used [0x00000000f3680000,0x00000000f4072e30,0x00000000f4080000)
  to   space 12800K, 0% used [0x00000000f2780000,0x00000000f2780000,0x00000000f3400000)
 ParOldGen       total 145920K, used 16180K [0x00000000c0000000, 0x00000000c8e80000, 0x00000000eab00000)
  object space 145920K, 11% used [0x00000000c0000000,0x00000000c0fcd288,0x00000000c8e80000)
 Metaspace       used 44707K, capacity 45570K, committed 45736K, reserved 1089536K
  class space    used 6077K, capacity 6257K, committed 6312K, reserved 1048576K
Event: 5.193 GC heap after
Heap after GC invocations=11 (full 2):
 PSYoungGen      total 140288K, used 12768K [0x00000000eab00000, 0x00000000f6900000, 0x0000000100000000)
  eden space 127488K, 0% used [0x00000000eab00000,0x00000000eab00000,0x00000000f2780000)
  from space 12800K, 99% used [0x00000000f2780000,0x00000000f33f8068,0x00000000f3400000)
  to   space 16896K, 0% used [0x00000000f5880000,0x00000000f5880000,0x00000000f6900000)
 ParOldGen       total 145920K, used 24094K [0x00000000c0000000, 0x00000000c8e80000, 0x00000000eab00000)
  object space 145920K, 16% used [0x00000000c0000000,0x00000000c1787890,0x00000000c8e80000)
 Metaspace       used 44707K, capacity 45570K, committed 45736K, reserved 1089536K
  class space    used 6077K, capacity 6257K, committed 6312K, reserved 1048576K
}

Deoptimization events (10 events):
Event: 5.253 Thread 0x000000005810d800 Uncommon trap: reason=class_check action=maybe_recompile pc=0x0000000002e555f0 method=java.lang.reflect.Method.equals(Ljava/lang/Object;)Z @ 5
Event: 5.316 Thread 0x000000005810d800 Uncommon trap: reason=unloaded action=reinterpret pc=0x0000000003589c88 method=com.sun.org.apache.xerces.internal.dom.DeferredDocumentImpl.getNodeObject(I)Lcom/sun/org/apache/xerces/internal/dom/DeferredNode; @ 255
Event: 5.317 Thread 0x000000005810d800 Uncommon trap: reason=unreached action=reinterpret pc=0x00000000035909b0 method=com.sun.org.apache.xerces.internal.dom.DeferredDocumentImpl.getChunkIndex([[III)I @ 3
Event: 5.317 Thread 0x000000005810d800 Uncommon trap: reason=unreached action=reinterpret pc=0x00000000032d03f4 method=com.sun.org.apache.xerces.internal.dom.DeferredDocumentImpl.getChunkIndex([[III)I @ 3
Event: 5.497 Thread 0x000000005810d800 Uncommon trap: reason=bimorphic action=maybe_recompile pc=0x00000000032abb90 method=java.io.BufferedInputStream.read1([BII)I @ 39
Event: 5.693 Thread 0x000000005810d800 Uncommon trap: reason=bimorphic action=maybe_recompile pc=0x00000000032abb90 method=java.io.BufferedInputStream.read1([BII)I @ 39
Event: 5.697 Thread 0x000000005810d800 Uncommon trap: reason=bimorphic action=maybe_recompile pc=0x00000000032abb90 method=java.io.BufferedInputStream.read1([BII)I @ 39
Event: 5.751 Thread 0x000000005810d800 Uncommon trap: reason=bimorphic action=maybe_recompile pc=0x00000000032abb90 method=java.io.BufferedInputStream.read1([BII)I @ 39
Event: 5.794 Thread 0x000000005810d800 Uncommon trap: reason=bimorphic action=maybe_recompile pc=0x00000000032a2b2c method=java.io.BufferedInputStream.read1([BII)I @ 39
Event: 5.948 Thread 0x0000000058718800 Uncommon trap: reason=unreached action=reinterpret pc=0x0000000003388e04 method=java.util.concurrent.locks.AbstractQueuedSynchronizer.release(I)Z @ 14

Internal exceptions (10 events):
Event: 5.946 Thread 0x000000005871b000 Exception <a 'java/security/PrivilegedActionException'> (0x00000000ef835848) thrown at [D:\re\workspace\8-2-build-windows-amd64-cygwin\jdk8u25\1677\hotspot\src\share\vm\prims\jvm.cpp, line 1312]
Event: 5.946 Thread 0x000000005871b000 Exception <a 'java/security/PrivilegedActionException'> (0x00000000ef836070) thrown at [D:\re\workspace\8-2-build-windows-amd64-cygwin\jdk8u25\1677\hotspot\src\share\vm\prims\jvm.cpp, line 1312]
Event: 5.946 Thread 0x000000005871b000 Exception <a 'java/security/PrivilegedActionException'> (0x00000000ef839190) thrown at [D:\re\workspace\8-2-build-windows-amd64-cygwin\jdk8u25\1677\hotspot\src\share\vm\prims\jvm.cpp, line 1312]
Event: 5.946 Thread 0x000000005871b000 Exception <a 'java/security/PrivilegedActionException'> (0x00000000ef8398f8) thrown at [D:\re\workspace\8-2-build-windows-amd64-cygwin\jdk8u25\1677\hotspot\src\share\vm\prims\jvm.cpp, line 1312]
Event: 5.947 Thread 0x000000005871b000 Exception <a 'java/security/PrivilegedActionException'> (0x00000000ef83d650) thrown at [D:\re\workspace\8-2-build-windows-amd64-cygwin\jdk8u25\1677\hotspot\src\share\vm\prims\jvm.cpp, line 1312]
Event: 5.947 Thread 0x000000005871b000 Exception <a 'java/security/PrivilegedActionException'> (0x00000000ef83de80) thrown at [D:\re\workspace\8-2-build-windows-amd64-cygwin\jdk8u25\1677\hotspot\src\share\vm\prims\jvm.cpp, line 1312]
Event: 5.947 Thread 0x000000005871b000 Exception <a 'java/security/PrivilegedActionException'> (0x00000000ef842a38) thrown at [D:\re\workspace\8-2-build-windows-amd64-cygwin\jdk8u25\1677\hotspot\src\share\vm\prims\jvm.cpp, line 1312]
Event: 5.947 Thread 0x000000005871b000 Exception <a 'java/security/PrivilegedActionException'> (0x00000000ef8432d0) thrown at [D:\re\workspace\8-2-build-windows-amd64-cygwin\jdk8u25\1677\hotspot\src\share\vm\prims\jvm.cpp, line 1312]
Event: 5.947 Thread 0x000000005871b000 Exception <a 'java/security/PrivilegedActionException'> (0x00000000ef846d78) thrown at [D:\re\workspace\8-2-build-windows-amd64-cygwin\jdk8u25\1677\hotspot\src\share\vm\prims\jvm.cpp, line 1312]
Event: 5.947 Thread 0x000000005871b000 Exception <a 'java/security/PrivilegedActionException'> (0x00000000ef847728) thrown at [D:\re\workspace\8-2-build-windows-amd64-cygwin\jdk8u25\1677\hotspot\src\share\vm\prims\jvm.cpp, line 1312]

Events (10 events):
Event: 5.972 Executing VM operation: RevokeBias
Event: 5.972 Executing VM operation: RevokeBias done
Event: 5.972 Thread 0x000000005894a000 Thread added: 0x000000005894a000
Event: 5.973 Thread 0x000000005894a800 Thread added: 0x000000005894a800
Event: 5.973 Thread 0x000000005894b800 Thread added: 0x000000005894b800
Event: 5.973 Executing VM operation: RevokeBias
Event: 5.985 Executing VM operation: RevokeBias done
Event: 5.985 Executing VM operation: RevokeBias
Event: 5.985 Executing VM operation: RevokeBias done
Event: 5.986 Thread 0x000000005871e000 Thread exited: 0x000000005871e000


Dynamic libraries:
0x000000013fca0000 - 0x000000013fcd4000 	D:\Program Files\Java\jdk1.8.0_25\bin\java.exe
0x0000000077b40000 - 0x0000000077cea000 	C:\Windows\SYSTEM32\ntdll.dll
0x0000000077a20000 - 0x0000000077b3f000 	C:\Windows\system32\kernel32.dll
0x000007fefe170000 - 0x000007fefe1db000 	C:\Windows\system32\KERNELBASE.dll
0x000007fefeac0000 - 0x000007fefeb9b000 	C:\Windows\system32\ADVAPI32.dll
0x000007fefe520000 - 0x000007fefe5bf000 	C:\Windows\system32\msvcrt.dll
0x000007fefe470000 - 0x000007fefe48f000 	C:\Windows\SYSTEM32\sechost.dll
0x000007fefe630000 - 0x000007fefe75d000 	C:\Windows\system32\RPCRT4.dll
0x0000000077460000 - 0x000000007755a000 	C:\Windows\system32\USER32.dll
0x000007fefe400000 - 0x000007fefe467000 	C:\Windows\system32\GDI32.dll
0x000007fefe5c0000 - 0x000007fefe5ce000 	C:\Windows\system32\LPK.dll
0x000007fefe860000 - 0x000007fefe92a000 	C:\Windows\system32\USP10.dll
0x000007fefc820000 - 0x000007fefca14000 	C:\Windows\WinSxS\amd64_microsoft.windows.common-controls_6595b64144ccf1df_6.0.7601.18837_none_fa3b1e3d17594757\COMCTL32.dll
0x000007fefe7e0000 - 0x000007fefe851000 	C:\Windows\system32\SHLWAPI.dll
0x000007fefea90000 - 0x000007fefeabe000 	C:\Windows\system32\IMM32.DLL
0x000007feffa30000 - 0x000007feffb39000 	C:\Windows\system32\MSCTF.dll
0x0000000055450000 - 0x0000000055522000 	D:\Program Files\Java\jdk1.8.0_25\jre\bin\msvcr100.dll
0x000000006fed0000 - 0x000000007072a000 	D:\Program Files\Java\jdk1.8.0_25\jre\bin\server\jvm.dll
0x000007fefbb80000 - 0x000007fefbb89000 	C:\Windows\system32\WSOCK32.dll
0x000007feffd20000 - 0x000007feffd6d000 	C:\Windows\system32\WS2_32.dll
0x000007fefe1e0000 - 0x000007fefe1e8000 	C:\Windows\system32\NSI.dll
0x000007fefdec0000 - 0x000007fefdefb000 	C:\Windows\system32\WINMM.dll
0x0000000077d10000 - 0x0000000077d17000 	C:\Windows\system32\PSAPI.DLL
0x0000000072a70000 - 0x0000000072a7f000 	D:\Program Files\Java\jdk1.8.0_25\jre\bin\verify.dll
0x000000006b0f0000 - 0x000000006b118000 	D:\Program Files\Java\jdk1.8.0_25\jre\bin\java.dll
0x000000006b0d0000 - 0x000000006b0e6000 	D:\Program Files\Java\jdk1.8.0_25\jre\bin\zip.dll
0x000007fefeca0000 - 0x000007feffa29000 	C:\Windows\system32\SHELL32.dll
0x000007fefe1f0000 - 0x000007fefe3f3000 	C:\Windows\system32\ole32.dll
0x000007fefdd70000 - 0x000007fefdd7f000 	C:\Windows\system32\profapi.dll
0x000000005cf30000 - 0x000000005cf4a000 	D:\Program Files\Java\jdk1.8.0_25\jre\bin\net.dll
0x000007fefd5a0000 - 0x000007fefd5f5000 	C:\Windows\system32\mswsock.dll
0x000007fefd590000 - 0x000007fefd597000 	C:\Windows\System32\wship6.dll
0x000000006b0b0000 - 0x000000006b0c1000 	D:\Program Files\Java\jdk1.8.0_25\jre\bin\nio.dll
0x000007feefd80000 - 0x000007feefd92000 	C:\Users\Administrator\.gradle\native\19\windows-amd64\native-platform.dll
0x000007fefb7a0000 - 0x000007fefb7c7000 	C:\Windows\system32\IPHLPAPI.DLL
0x000007fefb790000 - 0x000007fefb79b000 	C:\Windows\system32\WINNSI.DLL
0x000007fefb590000 - 0x000007fefb5a1000 	C:\Windows\system32\dhcpcsvc6.DLL
0x000007fefb570000 - 0x000007fefb588000 	C:\Windows\system32\dhcpcsvc.DLL
0x000007fefd600000 - 0x000007fefd618000 	C:\Windows\system32\CRYPTSP.dll
0x000007fefd300000 - 0x000007fefd347000 	C:\Windows\system32\rsaenh.dll
0x000007fefd0b0000 - 0x000007fefd0ce000 	C:\Windows\system32\USERENV.dll
0x000007fefdc60000 - 0x000007fefdc6f000 	C:\Windows\system32\CRYPTBASE.dll
0x000007fefdc00000 - 0x000007fefdc57000 	C:\Windows\system32\apphelp.dll
0x00000000673d0000 - 0x00000000673dd000 	D:\Program Files\Java\jdk1.8.0_25\jre\bin\management.dll
0x000007feefba0000 - 0x000007feefcc5000 	C:\Windows\system32\dbghelp.dll

VM Arguments:
jvm_args: -XX:MaxPermSize=256m -XX:+HeapDumpOnOutOfMemoryError -Xmx1024m -Dfile.encoding=GBK -Duser.country=CN -Duser.language=zh -Duser.variant 
java_command: org.gradle.launcher.daemon.bootstrap.GradleDaemon 2.10
java_class_path (initial): C:\Users\Administrator\.gradle\wrapper\dists\gradle-2.10-all\a4w5fzrkeut1ox71xslb49gst\gradle-2.10\lib\gradle-launcher-2.10.jar
Launcher Type: SUN_STANDARD

Environment Variables:
JAVA_HOME=D:\Program Files\Java\jdk1.8.0_25
PATH=D:\Program Files (x86)\Io\IoLanguage\bin;D:\Program Files (x86)\Ruby23-x64\bin;D:\Program Files (x86)\python;C:\Program Files (x86)\NVIDIA Corporation\PhysX\Common;D:\AS_SDK\build-tools\22.0.0;D:\AS_SDK\build-tools\23.0.2;D:\gradle\gradle-2.13\bin;C:\Users\Administrator\Desktop\CURL;C:\ProgramData\Oracle\Java\javapath;C:\Windows\system32;C:\Windows;C:\Windows\System32\Wbem;C:\Windows\System32\WindowsPowerShell\v1.0\;D:\AS_SDK\platform-tools;D:\Program Files\Java\jdk1.8.0_25\bin;D:\SDK\adt-bundle-windows-x86_64-20140702\sdk\build-tools\android-4.4W;D:\groovy-2.4.6\bin;D:\Tomcat\apache-tomcat-8.0.33\bin;D:\apache-maven-3.3.9\bin;D:\Program Files\nodejs\;D:\Program Files (x86)\scala\bin;D:\Go\bin;C:\Users\Administrator\AppData\Local\atom\bin;C:\Users\Administrator\AppData\Roaming\npm
USERNAME=Administrator
OS=Windows_NT
PROCESSOR_IDENTIFIER=Intel64 Family 6 Model 60 Stepping 3, GenuineIntel



---------------  S Y S T E M  ---------------

OS: Windows 7 , 64 bit Build 7601 Service Pack 1

CPU:total 4 (4 cores per cpu, 1 threads per core) family 6 model 60 stepping 3, cmov, cx8, fxsr, mmx, sse, sse2, sse3, ssse3, sse4.1, sse4.2, popcnt, avx, avx2, aes, clmul, erms, lzcnt, tsc, tscinvbit, bmi1, bmi2

Memory: 4k page, physical 12272852k(455164k free), swap 16465320k(5232k free)

vm_info: Java HotSpot(TM) 64-Bit Server VM (25.25-b02) for windows-amd64 JRE (1.8.0_25-b18), built on Oct  7 2014 14:25:37 by "java_re" with MS VC++ 10.0 (VS2010)

time: Thu Oct 27 15:45:26 2016
elapsed time: 9 seconds (0d 0h 0m 9s)

