#
# There is insufficient memory for the Java Runtime Environment to continue.
# Native memory allocation (malloc) failed to allocate 581056 bytes for Chunk::new
# Possible reasons:
#   The system is out of physical RAM or swap space
#   In 32 bit mode, the process size limit was hit
# Possible solutions:
#   Reduce memory load on the system
#   Increase physical memory or swap space
#   Check if swap backing store is full
#   Use 64 bit Java on a 64 bit OS
#   Decrease Java heap size (-Xmx/-Xms)
#   Decrease number of Java threads
#   Decrease Java thread stack sizes (-Xss)
#   Set larger code cache with -XX:ReservedCodeCacheSize=
# This output file may be truncated or incomplete.
#
#  Out of Memory Error (allocation.cpp:390), pid=13664, tid=10324
#
# JRE version: Java(TM) SE Runtime Environment (8.0_25-b18) (build 1.8.0_25-b18)
# Java VM: Java HotSpot(TM) 64-Bit Server VM (25.25-b02 mixed mode windows-amd64 compressed oops)
# Failed to write core dump. Minidumps are not enabled by default on client versions of Windows
#

---------------  T H R E A D  ---------------

Current thread (0x000000005508c000):  JavaThread "C2 CompilerThread0" daemon [_thread_in_native, id=10324, stack(0x0000000056da0000,0x0000000056ea0000)]

Stack: [0x0000000056da0000,0x0000000056ea0000]
Native frames: (J=compiled Java code, j=interpreted, Vv=VM code, C=native code)
V  [jvm.dll+0x31667a]


Current CompileTask:
C2:   3554  829       4       com.android.dx.ssa.SsaBasicBlock::forEachInsn (37 bytes)


---------------  P R O C E S S  ---------------

Java Threads: ( => current thread )
  0x00000000569bd000 JavaThread "pool-1-thread-4" [_thread_in_Java, id=13484, stack(0x0000000057b50000,0x0000000057c50000)]
  0x00000000569b8000 JavaThread "pool-1-thread-3" [_thread_blocked, id=13356, stack(0x0000000057c70000,0x0000000057d70000)]
  0x00000000569b4800 JavaThread "pool-1-thread-2" [_thread_blocked, id=12640, stack(0x0000000057a40000,0x0000000057b40000)]
  0x00000000569b2000 JavaThread "pool-2-thread-1" [_thread_blocked, id=9572, stack(0x0000000057800000,0x0000000057900000)]
  0x00000000569af000 JavaThread "pool-1-thread-1" [_thread_in_vm, id=12968, stack(0x0000000057620000,0x0000000057720000)]
  0x0000000056677000 JavaThread "Service Thread" daemon [_thread_blocked, id=10432, stack(0x0000000057400000,0x0000000057500000)]
  0x0000000056674800 JavaThread "C1 CompilerThread2" daemon [_thread_in_native, id=8840, stack(0x0000000057230000,0x0000000057330000)]
  0x000000005508f800 JavaThread "C2 CompilerThread1" daemon [_thread_in_native, id=1756, stack(0x0000000056f80000,0x0000000057080000)]
=>0x000000005508c000 JavaThread "C2 CompilerThread0" daemon [_thread_in_native, id=10324, stack(0x0000000056da0000,0x0000000056ea0000)]
  0x000000005666a800 JavaThread "Attach Listener" daemon [_thread_blocked, id=12488, stack(0x0000000056a70000,0x0000000056b70000)]
  0x0000000055089000 JavaThread "Signal Dispatcher" daemon [_thread_blocked, id=10992, stack(0x0000000056b80000,0x0000000056c80000)]
  0x0000000055020800 JavaThread "Finalizer" daemon [_thread_blocked, id=11292, stack(0x0000000056210000,0x0000000056310000)]
  0x000000005501d000 JavaThread "Reference Handler" daemon [_thread_blocked, id=11932, stack(0x0000000056560000,0x0000000056660000)]
  0x00000000023c8000 JavaThread "main" [_thread_in_Java, id=10352, stack(0x00000000028a0000,0x00000000029a0000)]

Other Threads:
  0x0000000055017800 VMThread [stack: 0x00000000563b0000,0x00000000564b0000] [id=12448]
  0x000000005667d000 WatcherThread [stack: 0x0000000057090000,0x0000000057190000] [id=8344]

VM state:not at safepoint (normal execution)

VM Mutex/Monitor currently owned by a thread: None

Heap:
 PSYoungGen      total 56320K, used 21729K [0x00000000eab00000, 0x00000000ee980000, 0x0000000100000000)
  eden space 48640K, 44% used [0x00000000eab00000,0x00000000ec038790,0x00000000eda80000)
  from space 7680K, 0% used [0x00000000ee200000,0x00000000ee200000,0x00000000ee980000)
  to   space 7680K, 0% used [0x00000000eda80000,0x00000000eda80000,0x00000000ee200000)
 ParOldGen       total 128512K, used 0K [0x00000000c0000000, 0x00000000c7d80000, 0x00000000eab00000)
  object space 128512K, 0% used [0x00000000c0000000,0x00000000c0000000,0x00000000c7d80000)
 Metaspace       used 5734K, capacity 6704K, committed 6784K, reserved 1056768K
  class space    used 590K, capacity 616K, committed 640K, reserved 1048576K

Card table byte_map: [0x0000000011d60000,0x0000000011f70000] byte_map_base: 0x0000000011760000

Marking Bits: (ParMarkBitMap*) 0x00000000706ad490
 Begin Bits: [0x0000000012490000, 0x0000000013490000)
 End Bits:   [0x0000000013490000, 0x0000000014490000)

Polling page: 0x0000000000440000

CodeCache: size=245760Kb used=2941Kb max_used=2956Kb free=242818Kb
 bounds [0x00000000029a0000, 0x0000000002c90000, 0x00000000119a0000]
 total_blobs=1041 nmethods=774 adapters=181
 compilation: enabled

Compilation events (10 events):
Event: 3.535 Thread 0x000000005508f800  831       4       java.util.Collections$UnmodifiableCollection$1::hasNext (10 bytes)
Event: 3.535 Thread 0x000000005508f800 nmethod 831 0x0000000002c71e10 code [0x0000000002c71f60, 0x0000000002c72018]
Event: 3.535 Thread 0x000000005508f800  832       4       java.util.BitSet::clear (70 bytes)
Event: 3.536 Thread 0x000000005508f800 nmethod 832 0x0000000002c71ad0 code [0x0000000002c71c20, 0x0000000002c71d18]
Event: 3.537 Thread 0x000000005508f800  833   !   4       com.android.dx.util.IntList::set (53 bytes)
Event: 3.537 Thread 0x000000005508f800 nmethod 833 0x0000000002c71790 code [0x0000000002c718e0, 0x0000000002c719b8]
Event: 3.537 Thread 0x000000005508f800  834   !   4       com.android.dx.util.IntList::<init> (37 bytes)
Event: 3.538 Thread 0x000000005508f800 nmethod 834 0x0000000002c71450 code [0x0000000002c715a0, 0x0000000002c716d8]
Event: 3.538 Thread 0x000000005508f800  835   !   4       com.android.dx.rop.code.RegisterSpec::intern (70 bytes)
Event: 3.551 Thread 0x000000005508f800 nmethod 835 0x0000000002c85790 code [0x0000000002c859a0, 0x0000000002c868a0]

GC Heap History (0 events):
No events

Deoptimization events (0 events):
No events

Internal exceptions (10 events):
Event: 3.220 Thread 0x00000000569af000 Exception <a 'java/security/PrivilegedActionException'> (0x00000000eb4d8f48) thrown at [D:\re\workspace\8-2-build-windows-amd64-cygwin\jdk8u25\1677\hotspot\src\share\vm\prims\jvm.cpp, line 1312]
Event: 3.406 Thread 0x00000000023c8000 Exception <a 'java/security/PrivilegedActionException'> (0x00000000eba26918) thrown at [D:\re\workspace\8-2-build-windows-amd64-cygwin\jdk8u25\1677\hotspot\src\share\vm\prims\jvm.cpp, line 1312]
Event: 3.406 Thread 0x00000000023c8000 Exception <a 'java/security/PrivilegedActionException'> (0x00000000eba2ba78) thrown at [D:\re\workspace\8-2-build-windows-amd64-cygwin\jdk8u25\1677\hotspot\src\share\vm\prims\jvm.cpp, line 1312]
Event: 3.407 Thread 0x00000000023c8000 Exception <a 'java/security/PrivilegedActionException'> (0x00000000eba31030) thrown at [D:\re\workspace\8-2-build-windows-amd64-cygwin\jdk8u25\1677\hotspot\src\share\vm\prims\jvm.cpp, line 1312]
Event: 3.407 Thread 0x00000000023c8000 Exception <a 'java/security/PrivilegedActionException'> (0x00000000eba34a00) thrown at [D:\re\workspace\8-2-build-windows-amd64-cygwin\jdk8u25\1677\hotspot\src\share\vm\prims\jvm.cpp, line 1312]
Event: 3.408 Thread 0x00000000023c8000 Exception <a 'java/security/PrivilegedActionException'> (0x00000000eba413b8) thrown at [D:\re\workspace\8-2-build-windows-amd64-cygwin\jdk8u25\1677\hotspot\src\share\vm\prims\jvm.cpp, line 1312]
Event: 3.409 Thread 0x00000000023c8000 Exception <a 'java/security/PrivilegedActionException'> (0x00000000eba887c8) thrown at [D:\re\workspace\8-2-build-windows-amd64-cygwin\jdk8u25\1677\hotspot\src\share\vm\prims\jvm.cpp, line 1312]
Event: 3.409 Thread 0x00000000023c8000 Exception <a 'java/security/PrivilegedActionException'> (0x00000000eba8d130) thrown at [D:\re\workspace\8-2-build-windows-amd64-cygwin\jdk8u25\1677\hotspot\src\share\vm\prims\jvm.cpp, line 1312]
Event: 3.444 Thread 0x00000000569bd000 Exception <a 'java/security/PrivilegedActionException'> (0x00000000eb6a2c08) thrown at [D:\re\workspace\8-2-build-windows-amd64-cygwin\jdk8u25\1677\hotspot\src\share\vm\prims\jvm.cpp, line 1312]
Event: 3.463 Thread 0x00000000023c8000 Exception <a 'java/security/PrivilegedActionException'> (0x00000000ebb2bcd8) thrown at [D:\re\workspace\8-2-build-windows-amd64-cygwin\jdk8u25\1677\hotspot\src\share\vm\prims\jvm.cpp, line 1312]

Events (10 events):
Event: 3.452 loading class java/util/HashMap$Values
Event: 3.452 loading class java/util/HashMap$Values done
Event: 3.452 loading class java/util/HashMap$ValueIterator
Event: 3.452 loading class java/util/HashMap$ValueIterator done
Event: 3.463 loading class com/android/dx/cf/attrib/AttDeprecated
Event: 3.463 loading class com/android/dx/cf/attrib/AttDeprecated done
Event: 3.502 loading class java/util/ArrayList$1
Event: 3.502 loading class java/util/ArrayList$1 done
Event: 3.504 loading class java/util/DualPivotQuicksort
Event: 3.505 loading class java/util/DualPivotQuicksort done


Dynamic libraries:
0x000000013fca0000 - 0x000000013fcd4000 	D:\Program Files\Java\jdk1.8.0_25\bin\java.exe
0x0000000077b40000 - 0x0000000077cea000 	C:\Windows\SYSTEM32\ntdll.dll
0x0000000077a20000 - 0x0000000077b3f000 	C:\Windows\system32\kernel32.dll
0x000007fefe170000 - 0x000007fefe1db000 	C:\Windows\system32\KERNELBASE.dll
0x000007fefeac0000 - 0x000007fefeb9b000 	C:\Windows\system32\ADVAPI32.dll
0x000007fefe520000 - 0x000007fefe5bf000 	C:\Windows\system32\msvcrt.dll
0x000007fefe470000 - 0x000007fefe48f000 	C:\Windows\SYSTEM32\sechost.dll
0x000007fefe630000 - 0x000007fefe75d000 	C:\Windows\system32\RPCRT4.dll
0x0000000077460000 - 0x000000007755a000 	C:\Windows\system32\USER32.dll
0x000007fefe400000 - 0x000007fefe467000 	C:\Windows\system32\GDI32.dll
0x000007fefe5c0000 - 0x000007fefe5ce000 	C:\Windows\system32\LPK.dll
0x000007fefe860000 - 0x000007fefe92a000 	C:\Windows\system32\USP10.dll
0x000007fefc820000 - 0x000007fefca14000 	C:\Windows\WinSxS\amd64_microsoft.windows.common-controls_6595b64144ccf1df_6.0.7601.18837_none_fa3b1e3d17594757\COMCTL32.dll
0x000007fefe7e0000 - 0x000007fefe851000 	C:\Windows\system32\SHLWAPI.dll
0x000007fefea90000 - 0x000007fefeabe000 	C:\Windows\system32\IMM32.DLL
0x000007feffa30000 - 0x000007feffb39000 	C:\Windows\system32\MSCTF.dll
0x0000000055450000 - 0x0000000055522000 	D:\Program Files\Java\jdk1.8.0_25\jre\bin\msvcr100.dll
0x000000006fed0000 - 0x000000007072a000 	D:\Program Files\Java\jdk1.8.0_25\jre\bin\server\jvm.dll
0x000007fefbb80000 - 0x000007fefbb89000 	C:\Windows\system32\WSOCK32.dll
0x000007feffd20000 - 0x000007feffd6d000 	C:\Windows\system32\WS2_32.dll
0x000007fefe1e0000 - 0x000007fefe1e8000 	C:\Windows\system32\NSI.dll
0x000007fefdec0000 - 0x000007fefdefb000 	C:\Windows\system32\WINMM.dll
0x0000000077d10000 - 0x0000000077d17000 	C:\Windows\system32\PSAPI.DLL
0x0000000072a70000 - 0x0000000072a7f000 	D:\Program Files\Java\jdk1.8.0_25\jre\bin\verify.dll
0x000000006b0f0000 - 0x000000006b118000 	D:\Program Files\Java\jdk1.8.0_25\jre\bin\java.dll
0x000000006b0d0000 - 0x000000006b0e6000 	D:\Program Files\Java\jdk1.8.0_25\jre\bin\zip.dll
0x000007fefeca0000 - 0x000007feffa29000 	C:\Windows\system32\SHELL32.dll
0x000007fefe1f0000 - 0x000007fefe3f3000 	C:\Windows\system32\ole32.dll
0x000007fefdd70000 - 0x000007fefdd7f000 	C:\Windows\system32\profapi.dll

VM Arguments:
jvm_args: -Djava.awt.headless=true -Xmx1024M -Dfile.encoding=GBK -Duser.country=CN -Duser.language=zh -Duser.variant 
java_command: com.android.dx.command.Main --dex --num-threads=4 --output C:\Users\Administrator\Desktop\SDKs\10272\Bmob_AndroidSDK_V3.5.1_0719\BmobDemo\app\build\intermediates\pre-dexed\debug\okhttp-3.3.1_f243170e7a85476366209d78a96cc988c320ec4a.jar C:\Users\Administrator\Desktop\SDKs\10272\Bmob_AndroidSDK_V3.5.1_0719\BmobDemo\app\build\intermediates\exploded-aar\cn.bmob.android\bmob-sdk\3.5.2\jars\libs\okhttp-3.3.1.jar
java_class_path (initial): D:\AS_SDK\build-tools\23.0.3\lib\dx.jar
Launcher Type: SUN_STANDARD

Environment Variables:
JAVA_HOME=D:\Program Files\Java\jdk1.8.0_25
PATH=D:\Program Files (x86)\Io\IoLanguage\bin;D:\Program Files (x86)\Ruby23-x64\bin;D:\Program Files (x86)\python;C:\Program Files (x86)\NVIDIA Corporation\PhysX\Common;D:\AS_SDK\build-tools\22.0.0;D:\AS_SDK\build-tools\23.0.2;D:\gradle\gradle-2.13\bin;C:\Users\Administrator\Desktop\CURL;C:\ProgramData\Oracle\Java\javapath;C:\Windows\system32;C:\Windows;C:\Windows\System32\Wbem;C:\Windows\System32\WindowsPowerShell\v1.0\;D:\AS_SDK\platform-tools;D:\Program Files\Java\jdk1.8.0_25\bin;D:\SDK\adt-bundle-windows-x86_64-20140702\sdk\build-tools\android-4.4W;D:\groovy-2.4.6\bin;D:\Tomcat\apache-tomcat-8.0.33\bin;D:\apache-maven-3.3.9\bin;D:\Program Files\nodejs\;D:\Program Files (x86)\scala\bin;D:\Go\bin;C:\Users\Administrator\AppData\Local\atom\bin;C:\Users\Administrator\AppData\Roaming\npm
USERNAME=Administrator
OS=Windows_NT
PROCESSOR_IDENTIFIER=Intel64 Family 6 Model 60 Stepping 3, GenuineIntel



---------------  S Y S T E M  ---------------

OS: Windows 7 , 64 bit Build 7601 Service Pack 1

CPU:total 4 (4 cores per cpu, 1 threads per core) family 6 model 60 stepping 3, cmov, cx8, fxsr, mmx, sse, sse2, sse3, ssse3, sse4.1, sse4.2, popcnt, avx, avx2, aes, clmul, erms, lzcnt, tsc, tscinvbit, bmi1, bmi2

Memory: 4k page, physical 12272852k(465644k free), swap 16465320k(5152k free)

vm_info: Java HotSpot(TM) 64-Bit Server VM (25.25-b02) for windows-amd64 JRE (1.8.0_25-b18), built on Oct  7 2014 14:25:37 by "java_re" with MS VC++ 10.0 (VS2010)

time: Thu Oct 27 15:45:26 2016
elapsed time: 3 seconds (0d 0h 0m 3s)

