#
# There is insufficient memory for the Java Runtime Environment to continue.
# Native memory allocation (malloc) failed to allocate 98928 bytes for Chunk::new
# Possible reasons:
#   The system is out of physical RAM or swap space
#   In 32 bit mode, the process size limit was hit
# Possible solutions:
#   Reduce memory load on the system
#   Increase physical memory or swap space
#   Check if swap backing store is full
#   Use 64 bit Java on a 64 bit OS
#   Decrease Java heap size (-Xmx/-Xms)
#   Decrease number of Java threads
#   Decrease Java thread stack sizes (-Xss)
#   Set larger code cache with -XX:ReservedCodeCacheSize=
# This output file may be truncated or incomplete.
#
#  Out of Memory Error (allocation.cpp:390), pid=7944, tid=3632
#
# JRE version: Java(TM) SE Runtime Environment (8.0_25-b18) (build 1.8.0_25-b18)
# Java VM: Java HotSpot(TM) 64-Bit Server VM (25.25-b02 mixed mode windows-amd64 compressed oops)
# Failed to write core dump. Minidumps are not enabled by default on client versions of Windows
#

---------------  T H R E A D  ---------------

Current thread (0x000000005522f800):  JavaThread "C2 CompilerThread1" daemon [_thread_in_native, id=3632, stack(0x0000000056210000,0x0000000056310000)]

Stack: [0x0000000056210000,0x0000000056310000]
Native frames: (J=compiled Java code, j=interpreted, Vv=VM code, C=native code)
V  [jvm.dll+0x31667a]


Current CompileTask:
C2:   1901 1606   !   4       com.android.dx.cf.code.RopperMachine::run (1550 bytes)


---------------  P R O C E S S  ---------------

Java Threads: ( => current thread )
  0x00000000575a5000 JavaThread "pool-1-thread-4" [_thread_blocked, id=6968, stack(0x00000000583a0000,0x00000000584a0000)]
  0x000000005758b800 JavaThread "pool-1-thread-3" [_thread_blocked, id=13480, stack(0x00000000581f0000,0x00000000582f0000)]
  0x0000000057585000 JavaThread "pool-1-thread-2" [_thread_blocked, id=6176, stack(0x0000000056d50000,0x0000000056e50000)]
  0x00000000569f6000 JavaThread "pool-2-thread-1" [_thread_blocked, id=14000, stack(0x0000000057f90000,0x0000000058090000)]
  0x00000000569f4800 JavaThread "pool-1-thread-1" [_thread_blocked, id=11196, stack(0x0000000057e10000,0x0000000057f10000)]
  0x0000000056728800 JavaThread "Service Thread" daemon [_thread_blocked, id=13464, stack(0x0000000057270000,0x0000000057370000)]
  0x00000000566d6800 JavaThread "C1 CompilerThread2" daemon [_thread_blocked, id=8708, stack(0x0000000057090000,0x0000000057190000)]
=>0x000000005522f800 JavaThread "C2 CompilerThread1" daemon [_thread_in_native, id=3632, stack(0x0000000056210000,0x0000000056310000)]
  0x000000005522c000 JavaThread "C2 CompilerThread0" daemon [_thread_in_native, id=10448, stack(0x0000000056eb0000,0x0000000056fb0000)]
  0x000000005522b000 JavaThread "Attach Listener" daemon [_thread_blocked, id=9080, stack(0x0000000056b50000,0x0000000056c50000)]
  0x00000000566c8800 JavaThread "Signal Dispatcher" daemon [_thread_blocked, id=7868, stack(0x0000000056c50000,0x0000000056d50000)]
  0x00000000551c7000 JavaThread "Finalizer" daemon [_thread_blocked, id=9476, stack(0x00000000565c0000,0x00000000566c0000)]
  0x00000000551bb800 JavaThread "Reference Handler" daemon [_thread_blocked, id=13320, stack(0x0000000056490000,0x0000000056590000)]
  0x00000000025ee800 JavaThread "main" [_thread_in_vm, id=13000, stack(0x00000000028b0000,0x00000000029b0000)]

Other Threads:
  0x00000000551b6000 VMThread [stack: 0x0000000056310000,0x0000000056410000] [id=10652]
  0x0000000056752000 WatcherThread [stack: 0x0000000057480000,0x0000000057580000] [id=4928]

VM state:not at safepoint (normal execution)

VM Mutex/Monitor currently owned by a thread: None

Heap:
 PSYoungGen      total 56320K, used 39498K [0x00000000eab00000, 0x00000000f1900000, 0x0000000100000000)
  eden space 48640K, 67% used [0x00000000eab00000,0x00000000ecb1b628,0x00000000eda80000)
  from space 7680K, 86% used [0x00000000eda80000,0x00000000ee0f71f8,0x00000000ee200000)
  to   space 7680K, 0% used [0x00000000f1180000,0x00000000f1180000,0x00000000f1900000)
 ParOldGen       total 128512K, used 8K [0x00000000c0000000, 0x00000000c7d80000, 0x00000000eab00000)
  object space 128512K, 0% used [0x00000000c0000000,0x00000000c0002000,0x00000000c7d80000)
 Metaspace       used 6200K, capacity 7088K, committed 7296K, reserved 1056768K
  class space    used 596K, capacity 616K, committed 640K, reserved 1048576K

Card table byte_map: [0x0000000011d70000,0x0000000011f80000] byte_map_base: 0x0000000011770000

Marking Bits: (ParMarkBitMap*) 0x00000000706ad490
 Begin Bits: [0x0000000012630000, 0x0000000013630000)
 End Bits:   [0x0000000013630000, 0x0000000014630000)

Polling page: 0x0000000000240000

CodeCache: size=245760Kb used=6884Kb max_used=6884Kb free=238875Kb
 bounds [0x00000000029b0000, 0x0000000003070000, 0x00000000119b0000]
 total_blobs=1873 nmethods=1607 adapters=180
 compilation: enabled

Compilation events (10 events):
Event: 1.883 Thread 0x00000000566d6800 1611   !   3       com.android.dx.cf.cst.ConstantPoolParser::parse0 (731 bytes)
Event: 1.886 Thread 0x00000000566d6800 nmethod 1611 0x000000000305ef90 code [0x000000000305f8e0, 0x0000000003065ab8]
Event: 1.887 Thread 0x00000000566d6800 1612       3       com.android.dx.rop.type.Type::internClassName (56 bytes)
Event: 1.888 Thread 0x00000000566d6800 nmethod 1612 0x0000000003059850 code [0x0000000003059aa0, 0x000000000305a938]
Event: 1.889 Thread 0x00000000566d6800 1613       3       com.android.dx.cf.direct.FieldListParser::set (30 bytes)
Event: 1.889 Thread 0x00000000566d6800 nmethod 1613 0x000000000306b890 code [0x000000000306ba80, 0x000000000306c498]
Event: 1.890 Thread 0x00000000566d6800 1614       3       com.android.dx.cf.attrib.RawAttribute::<init> (17 bytes)
Event: 1.891 Thread 0x00000000566d6800 nmethod 1614 0x000000000306cc50 code [0x000000000306ce00, 0x000000000306d3c8]
Event: 1.891 Thread 0x00000000566d6800 1615       3       com.android.dx.rop.cst.StdConstantPool::get0Ok (12 bytes)
Event: 1.891 Thread 0x00000000566d6800 nmethod 1615 0x000000000306d710 code [0x000000000306d9a0, 0x000000000306ea98]

GC Heap History (2 events):
Event: 0.761 GC heap before
{Heap before GC invocations=1 (full 0):
 PSYoungGen      total 56320K, used 48640K [0x00000000eab00000, 0x00000000ee980000, 0x0000000100000000)
  eden space 48640K, 100% used [0x00000000eab00000,0x00000000eda80000,0x00000000eda80000)
  from space 7680K, 0% used [0x00000000ee200000,0x00000000ee200000,0x00000000ee980000)
  to   space 7680K, 0% used [0x00000000eda80000,0x00000000eda80000,0x00000000ee200000)
 ParOldGen       total 128512K, used 0K [0x00000000c0000000, 0x00000000c7d80000, 0x00000000eab00000)
  object space 128512K, 0% used [0x00000000c0000000,0x00000000c0000000,0x00000000c7d80000)
 Metaspace       used 5930K, capacity 6832K, committed 7040K, reserved 1056768K
  class space    used 594K, capacity 616K, committed 640K, reserved 1048576K
Event: 0.774 GC heap after
Heap after GC invocations=1 (full 0):
 PSYoungGen      total 56320K, used 6620K [0x00000000eab00000, 0x00000000f1900000, 0x0000000100000000)
  eden space 48640K, 0% used [0x00000000eab00000,0x00000000eab00000,0x00000000eda80000)
  from space 7680K, 86% used [0x00000000eda80000,0x00000000ee0f71f8,0x00000000ee200000)
  to   space 7680K, 0% used [0x00000000f1180000,0x00000000f1180000,0x00000000f1900000)
 ParOldGen       total 128512K, used 8K [0x00000000c0000000, 0x00000000c7d80000, 0x00000000eab00000)
  object space 128512K, 0% used [0x00000000c0000000,0x00000000c0002000,0x00000000c7d80000)
 Metaspace       used 5930K, capacity 6832K, committed 7040K, reserved 1056768K
  class space    used 594K, capacity 616K, committed 640K, reserved 1048576K
}

Deoptimization events (9 events):
Event: 0.563 Thread 0x00000000575a5000 Uncommon trap: reason=unreached action=reinterpret pc=0x0000000002c96a04 method=com.android.dx.rop.code.LocalItem.hashCode()I @ 25
Event: 0.657 Thread 0x00000000025ee800 Uncommon trap: reason=unreached action=reinterpret pc=0x0000000002ce5804 method=com.android.dx.rop.cst.Constant.compareTo(Lcom/android/dx/rop/cst/Constant;)I @ 12
Event: 0.676 Thread 0x00000000025ee800 Uncommon trap: reason=class_check action=maybe_recompile pc=0x0000000002c35ad4 method=com.android.dx.rop.type.Type.equals(Ljava/lang/Object;)Z @ 8
Event: 0.891 Thread 0x00000000569f4800 Uncommon trap: reason=class_check action=maybe_recompile pc=0x0000000002c35ad4 method=com.android.dx.rop.type.Type.equals(Ljava/lang/Object;)Z @ 8
Event: 0.892 Thread 0x00000000569f4800 Uncommon trap: reason=null_check action=make_not_entrant pc=0x0000000002c35ae4 method=com.android.dx.rop.type.Type.equals(Ljava/lang/Object;)Z @ 8
Event: 0.910 Thread 0x00000000569f4800 Uncommon trap: reason=unreached action=reinterpret pc=0x0000000002e447c0 method=com.android.dx.util.LabeledList.set(ILcom/android/dx/util/LabeledItem;)V @ 16
Event: 0.911 Thread 0x00000000569f4800 Uncommon trap: reason=unreached action=reinterpret pc=0x0000000002e3254c method=com.android.dx.util.LabeledList.set(ILcom/android/dx/util/LabeledItem;)V @ 16
Event: 1.220 Thread 0x00000000569f4800 Uncommon trap: reason=uninitialized action=reinterpret pc=0x0000000002eab364 method=com.android.dx.cf.code.ByteCatchList.listFor(I)Lcom/android/dx/cf/code/ByteCatchList; @ 33
Event: 1.883 Thread 0x00000000025ee800 Uncommon trap: reason=unloaded action=reinterpret pc=0x0000000002eea65c method=com.android.dx.cf.cst.ConstantPoolParser.parse0(ILjava/util/BitSet;)Lcom/android/dx/rop/cst/Constant; @ 198

Internal exceptions (10 events):
Event: 0.476 Thread 0x000000005758b800 Exception <a 'java/security/PrivilegedActionException'> (0x00000000ec0542d8) thrown at [D:\re\workspace\8-2-build-windows-amd64-cygwin\jdk8u25\1677\hotspot\src\share\vm\prims\jvm.cpp, line 1312]
Event: 0.481 Thread 0x00000000025ee800 Exception <a 'java/security/PrivilegedActionException'> (0x00000000ec578bd0) thrown at [D:\re\workspace\8-2-build-windows-amd64-cygwin\jdk8u25\1677\hotspot\src\share\vm\prims\jvm.cpp, line 1312]
Event: 0.482 Thread 0x00000000025ee800 Exception <a 'java/security/PrivilegedActionException'> (0x00000000ec59c5e8) thrown at [D:\re\workspace\8-2-build-windows-amd64-cygwin\jdk8u25\1677\hotspot\src\share\vm\prims\jvm.cpp, line 1312]
Event: 0.482 Thread 0x00000000575a5000 Exception <a 'java/security/PrivilegedActionException'> (0x00000000ec6751c0) thrown at [D:\re\workspace\8-2-build-windows-amd64-cygwin\jdk8u25\1677\hotspot\src\share\vm\prims\jvm.cpp, line 1312]
Event: 0.483 Thread 0x00000000025ee800 Exception <a 'java/security/PrivilegedActionException'> (0x00000000ec5b31d8) thrown at [D:\re\workspace\8-2-build-windows-amd64-cygwin\jdk8u25\1677\hotspot\src\share\vm\prims\jvm.cpp, line 1312]
Event: 0.483 Thread 0x00000000025ee800 Exception <a 'java/security/PrivilegedActionException'> (0x00000000ec5b5638) thrown at [D:\re\workspace\8-2-build-windows-amd64-cygwin\jdk8u25\1677\hotspot\src\share\vm\prims\jvm.cpp, line 1312]
Event: 0.503 Thread 0x0000000057585000 Exception <a 'java/security/PrivilegedActionException'> (0x00000000ec7dd240) thrown at [D:\re\workspace\8-2-build-windows-amd64-cygwin\jdk8u25\1677\hotspot\src\share\vm\prims\jvm.cpp, line 1312]
Event: 0.515 Thread 0x00000000025ee800 Exception <a 'java/security/PrivilegedActionException'> (0x00000000ec8dea50) thrown at [D:\re\workspace\8-2-build-windows-amd64-cygwin\jdk8u25\1677\hotspot\src\share\vm\prims\jvm.cpp, line 1312]
Event: 0.892 Thread 0x00000000569f4800 Implicit null exception at 0x0000000002c359d2 to 0x0000000002c35ad5
Event: 1.220 Thread 0x00000000569f4800 Exception <a 'java/security/PrivilegedActionException'> (0x00000000eb3ff910) thrown at [D:\re\workspace\8-2-build-windows-amd64-cygwin\jdk8u25\1677\hotspot\src\share\vm\prims\jvm.cpp, line 1312]

Events (10 events):
Event: 1.222 loading class java/util/HashMap$ValueIterator done
Event: 1.367 Thread 0x0000000057585000 DEOPT PACKING pc=0x0000000002c6b654 sp=0x0000000056e4ed80
Event: 1.367 Thread 0x0000000057585000 DEOPT UNPACKING pc=0x00000000029f75bf sp=0x0000000056e4eb48 mode 0
Event: 1.375 Executing VM operation: ForceSafepoint
Event: 1.375 Executing VM operation: ForceSafepoint done
Event: 1.381 Thread 0x0000000057585000 DEOPT PACKING pc=0x0000000002c6b399 sp=0x0000000056e4ed80
Event: 1.381 Thread 0x0000000057585000 DEOPT UNPACKING pc=0x00000000029f75bf sp=0x0000000056e4eb48 mode 0
Event: 1.883 Thread 0x00000000025ee800 Uncommon trap: trap_request=0x000000d0 fr.pc=0x0000000002eea65c
Event: 1.883 Thread 0x00000000025ee800 DEOPT PACKING pc=0x0000000002eea65c sp=0x00000000029ae9b0
Event: 1.883 Thread 0x00000000025ee800 DEOPT UNPACKING pc=0x00000000029f556a sp=0x00000000029ae968 mode 2


Dynamic libraries:
0x000000013fca0000 - 0x000000013fcd4000 	D:\Program Files\Java\jdk1.8.0_25\bin\java.exe
0x0000000077b40000 - 0x0000000077cea000 	C:\Windows\SYSTEM32\ntdll.dll
0x0000000077a20000 - 0x0000000077b3f000 	C:\Windows\system32\kernel32.dll
0x000007fefe170000 - 0x000007fefe1db000 	C:\Windows\system32\KERNELBASE.dll
0x000007fefeac0000 - 0x000007fefeb9b000 	C:\Windows\system32\ADVAPI32.dll
0x000007fefe520000 - 0x000007fefe5bf000 	C:\Windows\system32\msvcrt.dll
0x000007fefe470000 - 0x000007fefe48f000 	C:\Windows\SYSTEM32\sechost.dll
0x000007fefe630000 - 0x000007fefe75d000 	C:\Windows\system32\RPCRT4.dll
0x0000000077460000 - 0x000000007755a000 	C:\Windows\system32\USER32.dll
0x000007fefe400000 - 0x000007fefe467000 	C:\Windows\system32\GDI32.dll
0x000007fefe5c0000 - 0x000007fefe5ce000 	C:\Windows\system32\LPK.dll
0x000007fefe860000 - 0x000007fefe92a000 	C:\Windows\system32\USP10.dll
0x000007fefc820000 - 0x000007fefca14000 	C:\Windows\WinSxS\amd64_microsoft.windows.common-controls_6595b64144ccf1df_6.0.7601.18837_none_fa3b1e3d17594757\COMCTL32.dll
0x000007fefe7e0000 - 0x000007fefe851000 	C:\Windows\system32\SHLWAPI.dll
0x000007fefea90000 - 0x000007fefeabe000 	C:\Windows\system32\IMM32.DLL
0x000007feffa30000 - 0x000007feffb39000 	C:\Windows\system32\MSCTF.dll
0x0000000055450000 - 0x0000000055522000 	D:\Program Files\Java\jdk1.8.0_25\jre\bin\msvcr100.dll
0x000000006fed0000 - 0x000000007072a000 	D:\Program Files\Java\jdk1.8.0_25\jre\bin\server\jvm.dll
0x000007fefbb80000 - 0x000007fefbb89000 	C:\Windows\system32\WSOCK32.dll
0x000007feffd20000 - 0x000007feffd6d000 	C:\Windows\system32\WS2_32.dll
0x000007fefe1e0000 - 0x000007fefe1e8000 	C:\Windows\system32\NSI.dll
0x000007fefdec0000 - 0x000007fefdefb000 	C:\Windows\system32\WINMM.dll
0x0000000077d10000 - 0x0000000077d17000 	C:\Windows\system32\PSAPI.DLL
0x0000000072a70000 - 0x0000000072a7f000 	D:\Program Files\Java\jdk1.8.0_25\jre\bin\verify.dll
0x000000006b0f0000 - 0x000000006b118000 	D:\Program Files\Java\jdk1.8.0_25\jre\bin\java.dll
0x000000006b0d0000 - 0x000000006b0e6000 	D:\Program Files\Java\jdk1.8.0_25\jre\bin\zip.dll
0x000007fefeca0000 - 0x000007feffa29000 	C:\Windows\system32\SHELL32.dll
0x000007fefe1f0000 - 0x000007fefe3f3000 	C:\Windows\system32\ole32.dll
0x000007fefdd70000 - 0x000007fefdd7f000 	C:\Windows\system32\profapi.dll

VM Arguments:
jvm_args: -Djava.awt.headless=true -Xmx1024M -Dfile.encoding=GBK -Duser.country=CN -Duser.language=zh -Duser.variant 
java_command: com.android.dx.command.Main --dex --num-threads=4 --output C:\Users\Administrator\Desktop\SDKs\10272\Bmob_AndroidSDK_V3.5.1_0719\BmobDemo\app\build\intermediates\pre-dexed\debug\com.android.support-support-v4-24.0.0_817a3ed75ce26a7057bd363d9f05fa48e78d5f73.jar C:\Users\Administrator\Desktop\SDKs\10272\Bmob_AndroidSDK_V3.5.1_0719\BmobDemo\app\build\intermediates\exploded-aar\com.android.support\support-v4\24.0.0\jars\classes.jar
java_class_path (initial): D:\AS_SDK\build-tools\23.0.3\lib\dx.jar
Launcher Type: SUN_STANDARD

Environment Variables:
JAVA_HOME=D:\Program Files\Java\jdk1.8.0_25
PATH=D:\Program Files (x86)\Io\IoLanguage\bin;D:\Program Files (x86)\Ruby23-x64\bin;D:\Program Files (x86)\python;C:\Program Files (x86)\NVIDIA Corporation\PhysX\Common;D:\AS_SDK\build-tools\22.0.0;D:\AS_SDK\build-tools\23.0.2;D:\gradle\gradle-2.13\bin;C:\Users\Administrator\Desktop\CURL;C:\ProgramData\Oracle\Java\javapath;C:\Windows\system32;C:\Windows;C:\Windows\System32\Wbem;C:\Windows\System32\WindowsPowerShell\v1.0\;D:\AS_SDK\platform-tools;D:\Program Files\Java\jdk1.8.0_25\bin;D:\SDK\adt-bundle-windows-x86_64-20140702\sdk\build-tools\android-4.4W;D:\groovy-2.4.6\bin;D:\Tomcat\apache-tomcat-8.0.33\bin;D:\apache-maven-3.3.9\bin;D:\Program Files\nodejs\;D:\Program Files (x86)\scala\bin;D:\Go\bin;C:\Users\Administrator\AppData\Local\atom\bin;C:\Users\Administrator\AppData\Roaming\npm
USERNAME=Administrator
OS=Windows_NT
PROCESSOR_IDENTIFIER=Intel64 Family 6 Model 60 Stepping 3, GenuineIntel



---------------  S Y S T E M  ---------------

OS: Windows 7 , 64 bit Build 7601 Service Pack 1

CPU:total 4 (4 cores per cpu, 1 threads per core) family 6 model 60 stepping 3, cmov, cx8, fxsr, mmx, sse, sse2, sse3, ssse3, sse4.1, sse4.2, popcnt, avx, avx2, aes, clmul, erms, lzcnt, tsc, tscinvbit, bmi1, bmi2

Memory: 4k page, physical 12272852k(292740k free), swap 16465320k(5188k free)

vm_info: Java HotSpot(TM) 64-Bit Server VM (25.25-b02) for windows-amd64 JRE (1.8.0_25-b18), built on Oct  7 2014 14:25:37 by "java_re" with MS VC++ 10.0 (VS2010)

time: Thu Oct 27 15:44:31 2016
elapsed time: 1 seconds (0d 0h 0m 1s)

