#
# A fatal error has been detected by the Java Runtime Environment:
#
#  EXCEPTION_ACCESS_VIOLATION (0xc0000005) at pc=0x00000000700cac07, pid=8492, tid=13288
#
# JRE version: Java(TM) SE Runtime Environment (8.0_25-b18) (build 1.8.0_25-b18)
# Java VM: Java HotSpot(TM) 64-Bit Server VM (25.25-b02 mixed mode windows-amd64 compressed oops)
# Problematic frame:
# V  [jvm.dll+0x1fac07]
#
# Failed to write core dump. Minidumps are not enabled by default on client versions of Windows
#
# If you would like to submit a bug report, please visit:
#   http://bugreport.sun.com/bugreport/crash.jsp
#

---------------  T H R E A D  ---------------

Current thread (0x0000000056b1f000):  JavaThread "pool-1-thread-4" [_thread_in_vm, id=13288, stack(0x0000000057dd0000,0x0000000057ed0000)]

siginfo: ExceptionCode=0xc0000005, writing address 0x0000000057ec93d0

Registers:
RAX=0x0000000057ec93d0, RBX=0x0000000000000007, RCX=0x0000000000006000, RDX=0x0000000000000006
RSP=0x0000000057ecf3d0, RBP=0x0000000000000000, RSI=0x0000000057ecf3d0, RDI=0x0000000000000007
R8 =0x0000000000000006, R9 =0x0000000056ae05c0, R10=0x00000000548bbfe8, R11=0x0000000057dda148
R12=0x0000000056ae05c0, R13=0x0000000056b1f000, R14=0x0000000057ecf498, R15=0x00000000548bbfe8
RIP=0x00000000700cac07, EFLAGS=0x0000000000010202

Top of Stack: (sp=0x0000000057ecf3d0)
0x0000000057ecf3d0:   0000000000000000 0000000000268fa0
0x0000000057ecf3e0:   0000000056b1f000 0000000056ae05c0
0x0000000057ecf3f0:   00000000ffffffff 00000000700cbb37
0x0000000057ecf400:   0000000057ecf500 00000000548bbfe8
0x0000000057ecf410:   0000000056b1f000 000000006ff820d3
0x0000000057ecf420:   0000000057ecf460 0000000056b1f000
0x0000000057ecf430:   0000000057ecf4f0 0000000056b1f000
0x0000000057ecf440:   00000000548bbfe8 0000000056b1f000
0x0000000057ecf450:   0000000002a70e00 0000000056b1f000
0x0000000057ecf460:   00000000548bbfe8 0000000056b1f000
0x0000000057ecf470:   00000000548bbfe8 0000000056b1f000
0x0000000057ecf480:   0000000000000001 00000000548bbfe8
0x0000000057ecf490:   0000000056b1f000 0000000056809640
0x0000000057ecf4a0:   0000000056b1f000 000000006ff835bd
0x0000000057ecf4b0:   0000000057ecf7b8 0000000014896448
0x0000000057ecf4c0:   0000000014896448 0000000000000000 

Instructions: (pc=0x00000000700cac07)
0x00000000700cabe7:   48 89 6c 24 30 33 ed 66 90 e8 eb 5c 08 00 ff c3
0x00000000700cabf7:   48 63 c8 48 8b c6 48 0f af cf 48 ff c7 48 2b c1
0x00000000700cac07:   89 28 48 63 c3 48 3b 05 ed 73 57 00 7e db 48 8b
0x00000000700cac17:   6c 24 30 48 8b 5c 24 38 48 8b 74 24 40 48 83 c4 


Register to memory mapping:

RAX=0x0000000057ec93d0 is pointing into the stack for thread: 0x0000000056b1f000
RBX=0x0000000000000007 is an unknown value
RCX=0x0000000000006000 is an unknown value
RDX=0x0000000000000006 is an unknown value
RSP=0x0000000057ecf3d0 is pointing into the stack for thread: 0x0000000056b1f000
RBP=0x0000000000000000 is an unknown value
RSI=0x0000000057ecf3d0 is pointing into the stack for thread: 0x0000000056b1f000
RDI=0x0000000000000007 is an unknown value
R8 =0x0000000000000006 is an unknown value
R9 =0x0000000056ae05c0 is an unknown value
R10={method} {0x00000000548bbff0} 'run' '()V' in 'java/lang/Thread'
R11=0x0000000057dda148 is pointing into the stack for thread: 0x0000000056b1f000
R12=0x0000000056ae05c0 is an unknown value
R13=0x0000000056b1f000 is a thread
R14=0x0000000057ecf498 is pointing into the stack for thread: 0x0000000056b1f000
R15={method} {0x00000000548bbff0} 'run' '()V' in 'java/lang/Thread'


Stack: [0x0000000057dd0000,0x0000000057ed0000],  sp=0x0000000057ecf3d0,  free space=1020k
Native frames: (J=compiled Java code, j=interpreted, Vv=VM code, C=native code)


---------------  P R O C E S S  ---------------

Java Threads: ( => current thread )
=>0x0000000056b1f000 JavaThread "pool-1-thread-4" [_thread_in_vm, id=13288, stack(0x0000000057dd0000,0x0000000057ed0000)]
  0x0000000056a62000 JavaThread "pool-1-thread-3" [_thread_blocked, id=8000, stack(0x00000000581d0000,0x00000000582d0000)]
  0x0000000056a61800 JavaThread "pool-1-thread-2" [_thread_in_Java, id=12464, stack(0x0000000058010000,0x0000000058110000)]
  0x0000000056a5f000 JavaThread "pool-2-thread-1" [_thread_blocked, id=2104, stack(0x0000000056580000,0x0000000056680000)]
  0x0000000056ade000 JavaThread "pool-1-thread-1" [_thread_blocked, id=10792, stack(0x0000000057ee0000,0x0000000057fe0000)]
  0x0000000056801800 JavaThread "Service Thread" daemon [_thread_blocked, id=3604, stack(0x00000000574a0000,0x00000000575a0000)]
  0x00000000567a6000 JavaThread "C1 CompilerThread2" daemon [_thread_blocked, id=13736, stack(0x0000000057350000,0x0000000057450000)]
  0x000000005528f800 JavaThread "C2 CompilerThread1" daemon [_thread_blocked, id=12108, stack(0x00000000571b0000,0x00000000572b0000)]
  0x000000005679b800 JavaThread "C2 CompilerThread0" daemon [_thread_in_native, id=12260, stack(0x0000000056f90000,0x0000000057090000)]
  0x000000005679a800 JavaThread "Attach Listener" daemon [_thread_blocked, id=13224, stack(0x0000000056e30000,0x0000000056f30000)]
  0x0000000055288000 JavaThread "Signal Dispatcher" daemon [_thread_blocked, id=7456, stack(0x0000000056cb0000,0x0000000056db0000)]
  0x000000005521f800 JavaThread "Finalizer" daemon [_thread_blocked, id=10736, stack(0x0000000056690000,0x0000000056790000)]
  0x000000005521b800 JavaThread "Reference Handler" daemon [_thread_blocked, id=3856, stack(0x0000000056350000,0x0000000056450000)]
  0x000000000040e800 JavaThread "main" [_thread_blocked, id=8324, stack(0x0000000002960000,0x0000000002a60000)]

Other Threads:
  0x0000000055216000 VMThread [stack: 0x0000000056470000,0x0000000056570000] [id=8540]
  0x0000000056805000 WatcherThread [stack: 0x00000000570b0000,0x00000000571b0000] [id=8728]

VM state:not at safepoint (normal execution)

VM Mutex/Monitor currently owned by a thread: None

Heap:
 PSYoungGen      total 56320K, used 23453K [0x00000000eab00000, 0x00000000ee980000, 0x0000000100000000)
  eden space 48640K, 48% used [0x00000000eab00000,0x00000000ec1e7570,0x00000000eda80000)
  from space 7680K, 0% used [0x00000000ee200000,0x00000000ee200000,0x00000000ee980000)
  to   space 7680K, 0% used [0x00000000eda80000,0x00000000eda80000,0x00000000ee200000)
 ParOldGen       total 128512K, used 0K [0x00000000c0000000, 0x00000000c7d80000, 0x00000000eab00000)
  object space 128512K, 0% used [0x00000000c0000000,0x00000000c0000000,0x00000000c7d80000)
 Metaspace       used 5707K, capacity 6704K, committed 6784K, reserved 1056768K
  class space    used 594K, capacity 616K, committed 640K, reserved 1048576K

Card table byte_map: [0x0000000011e20000,0x0000000012030000] byte_map_base: 0x0000000011820000

Marking Bits: (ParMarkBitMap*) 0x00000000706ad490
 Begin Bits: [0x0000000012690000, 0x0000000013690000)
 End Bits:   [0x0000000013690000, 0x0000000014690000)

Polling page: 0x0000000000230000

CodeCache: size=245760Kb used=2931Kb max_used=2931Kb free=242829Kb
 bounds [0x0000000002a60000, 0x0000000002d40000, 0x0000000011a60000]
 total_blobs=1043 nmethods=775 adapters=180
 compilation: disabled (not enough contiguous free space left)

Compilation events (10 events):
Event: 0.699 Thread 0x000000005679b800  760       4       com.android.dx.rop.code.RegisterSpec::getCategory (13 bytes)
Event: 0.699 Thread 0x00000000567a6000 nmethod 756 0x0000000002d2ec90 code [0x0000000002d2ee00, 0x0000000002d2f030]
Event: 0.699 Thread 0x00000000567a6000  759       3       com.android.dx.cf.code.RopperMachine::jopToRopOpcode (1103 bytes)
Event: 0.699 Thread 0x000000005679b800 nmethod 760 0x0000000002d2e990 code [0x0000000002d2eae0, 0x0000000002d2eb98]
Event: 0.699 Thread 0x00000000567a6000 nmethod 759 0x0000000002d33590 code [0x0000000002d338a0, 0x0000000002d35a58]
Event: 0.699 Thread 0x00000000567a6000  763       3       com.android.dx.util.IntList::indexOf (16 bytes)
Event: 0.700 Thread 0x00000000567a6000 nmethod 763 0x0000000002d2e510 code [0x0000000002d2e680, 0x0000000002d2e8e8]
Event: 0.700 Thread 0x00000000567a6000  758       3       com.android.dx.rop.code.Rops::ropFor (771 bytes)
Event: 0.700 Thread 0x000000005528f800 nmethod 757 0x0000000002d31b50 code [0x0000000002d31ca0, 0x0000000002d31ef8]
Event: 0.700 Thread 0x000000005679b800  769       4       com.android.dx.rop.code.RegisterSpec::hashCodeOf (30 bytes)

GC Heap History (0 events):
No events

Deoptimization events (1 events):
Event: 0.635 Thread 0x0000000056a62000 Uncommon trap: reason=bimorphic action=maybe_recompile pc=0x0000000002c79400 method=java.util.HashMap.getNode(ILjava/lang/Object;)Ljava/util/HashMap$Node; @ 126

Internal exceptions (10 events):
Event: 0.608 Thread 0x0000000056a62000 Exception <a 'java/security/PrivilegedActionException'> (0x00000000eba21610) thrown at [D:\re\workspace\8-2-build-windows-amd64-cygwin\jdk8u25\1677\hotspot\src\share\vm\prims\jvm.cpp, line 1312]
Event: 0.608 Thread 0x0000000056a62000 Exception <a 'java/security/PrivilegedActionException'> (0x00000000eba26a38) thrown at [D:\re\workspace\8-2-build-windows-amd64-cygwin\jdk8u25\1677\hotspot\src\share\vm\prims\jvm.cpp, line 1312]
Event: 0.609 Thread 0x0000000056a62000 Exception <a 'java/security/PrivilegedActionException'> (0x00000000eba2c1e0) thrown at [D:\re\workspace\8-2-build-windows-amd64-cygwin\jdk8u25\1677\hotspot\src\share\vm\prims\jvm.cpp, line 1312]
Event: 0.609 Thread 0x0000000056a62000 Exception <a 'java/security/PrivilegedActionException'> (0x00000000eba31730) thrown at [D:\re\workspace\8-2-build-windows-amd64-cygwin\jdk8u25\1677\hotspot\src\share\vm\prims\jvm.cpp, line 1312]
Event: 0.614 Thread 0x0000000056a61800 Exception <a 'java/security/PrivilegedActionException'> (0x00000000eb62bb30) thrown at [D:\re\workspace\8-2-build-windows-amd64-cygwin\jdk8u25\1677\hotspot\src\share\vm\prims\jvm.cpp, line 1312]
Event: 0.620 Thread 0x0000000056a62000 Exception <a 'java/security/PrivilegedActionException'> (0x00000000eba7c1e0) thrown at [D:\re\workspace\8-2-build-windows-amd64-cygwin\jdk8u25\1677\hotspot\src\share\vm\prims\jvm.cpp, line 1312]
Event: 0.630 Thread 0x0000000056a62000 Exception <a 'java/security/PrivilegedActionException'> (0x00000000eba8bba0) thrown at [D:\re\workspace\8-2-build-windows-amd64-cygwin\jdk8u25\1677\hotspot\src\share\vm\prims\jvm.cpp, line 1312]
Event: 0.651 Thread 0x0000000056a61800 Exception <a 'java/security/PrivilegedActionException'> (0x00000000ebb79308) thrown at [D:\re\workspace\8-2-build-windows-amd64-cygwin\jdk8u25\1677\hotspot\src\share\vm\prims\jvm.cpp, line 1312]
Event: 0.683 Thread 0x0000000056a61800 Exception <a 'java/security/PrivilegedActionException'> (0x00000000ebd8d6b0) thrown at [D:\re\workspace\8-2-build-windows-amd64-cygwin\jdk8u25\1677\hotspot\src\share\vm\prims\jvm.cpp, line 1312]
Event: 0.700 Thread 0x0000000056a61800 Exception <a 'java/security/PrivilegedActionException'> (0x00000000ebdfaff0) thrown at [D:\re\workspace\8-2-build-windows-amd64-cygwin\jdk8u25\1677\hotspot\src\share\vm\prims\jvm.cpp, line 1312]

Events (10 events):
Event: 0.651 loading class com/android/dx/ssa/back/FirstFitLocalCombiningAllocator$Multiset
Event: 0.651 loading class com/android/dx/ssa/back/FirstFitLocalCombiningAllocator$Multiset done
Event: 0.668 loading class java/util/ArrayList$1
Event: 0.668 loading class java/util/ArrayList$1 done
Event: 0.683 loading class com/android/dx/cf/code/BytecodeArray$ConstantParserVisitor
Event: 0.683 loading class com/android/dx/cf/code/BytecodeArray$ConstantParserVisitor done
Event: 0.700 loading class com/android/dx/cf/code/Ropper$ExceptionHandlerSetup
Event: 0.700 loading class com/android/dx/cf/code/Ropper$ExceptionHandlerSetup done
Event: 0.700 Executing VM operation: ForceSafepoint
Event: 1.198 Executing VM operation: ForceSafepoint done


Dynamic libraries:
0x000000013fca0000 - 0x000000013fcd4000 	D:\Program Files\Java\jdk1.8.0_25\bin\java.exe
0x0000000077b40000 - 0x0000000077cea000 	C:\Windows\SYSTEM32\ntdll.dll
0x0000000077a20000 - 0x0000000077b3f000 	C:\Windows\system32\kernel32.dll
0x000007fefe170000 - 0x000007fefe1db000 	C:\Windows\system32\KERNELBASE.dll
0x000007fefeac0000 - 0x000007fefeb9b000 	C:\Windows\system32\ADVAPI32.dll
0x000007fefe520000 - 0x000007fefe5bf000 	C:\Windows\system32\msvcrt.dll
0x000007fefe470000 - 0x000007fefe48f000 	C:\Windows\SYSTEM32\sechost.dll
0x000007fefe630000 - 0x000007fefe75d000 	C:\Windows\system32\RPCRT4.dll
0x0000000077460000 - 0x000000007755a000 	C:\Windows\system32\USER32.dll
0x000007fefe400000 - 0x000007fefe467000 	C:\Windows\system32\GDI32.dll
0x000007fefe5c0000 - 0x000007fefe5ce000 	C:\Windows\system32\LPK.dll
0x000007fefe860000 - 0x000007fefe92a000 	C:\Windows\system32\USP10.dll
0x000007fefc820000 - 0x000007fefca14000 	C:\Windows\WinSxS\amd64_microsoft.windows.common-controls_6595b64144ccf1df_6.0.7601.18837_none_fa3b1e3d17594757\COMCTL32.dll
0x000007fefe7e0000 - 0x000007fefe851000 	C:\Windows\system32\SHLWAPI.dll
0x000007fefea90000 - 0x000007fefeabe000 	C:\Windows\system32\IMM32.DLL
0x000007feffa30000 - 0x000007feffb39000 	C:\Windows\system32\MSCTF.dll
0x0000000055450000 - 0x0000000055522000 	D:\Program Files\Java\jdk1.8.0_25\jre\bin\msvcr100.dll
0x000000006fed0000 - 0x000000007072a000 	D:\Program Files\Java\jdk1.8.0_25\jre\bin\server\jvm.dll
0x000007fefbb80000 - 0x000007fefbb89000 	C:\Windows\system32\WSOCK32.dll
0x000007feffd20000 - 0x000007feffd6d000 	C:\Windows\system32\WS2_32.dll
0x000007fefe1e0000 - 0x000007fefe1e8000 	C:\Windows\system32\NSI.dll
0x000007fefdec0000 - 0x000007fefdefb000 	C:\Windows\system32\WINMM.dll
0x0000000077d10000 - 0x0000000077d17000 	C:\Windows\system32\PSAPI.DLL
0x0000000072a70000 - 0x0000000072a7f000 	D:\Program Files\Java\jdk1.8.0_25\jre\bin\verify.dll
0x000000006b0f0000 - 0x000000006b118000 	D:\Program Files\Java\jdk1.8.0_25\jre\bin\java.dll
0x000000006b0d0000 - 0x000000006b0e6000 	D:\Program Files\Java\jdk1.8.0_25\jre\bin\zip.dll
0x000007fefeca0000 - 0x000007feffa29000 	C:\Windows\system32\SHELL32.dll
0x000007fefe1f0000 - 0x000007fefe3f3000 	C:\Windows\system32\ole32.dll
0x000007fefdd70000 - 0x000007fefdd7f000 	C:\Windows\system32\profapi.dll

VM Arguments:
jvm_args: -Djava.awt.headless=true -Xmx1024M -Dfile.encoding=GBK -Duser.country=CN -Duser.language=zh -Duser.variant 
java_command: com.android.dx.command.Main --dex --num-threads=4 --output C:\Users\Administrator\Desktop\SDKs\10272\Bmob_AndroidSDK_V3.5.1_0719\BmobDemo\app\build\intermediates\pre-dexed\debug\com.android.support-appcompat-v7-24.0.0_b2d633f31f6e895759958b7d1cdc61344a7cb192.jar C:\Users\Administrator\Desktop\SDKs\10272\Bmob_AndroidSDK_V3.5.1_0719\BmobDemo\app\build\intermediates\exploded-aar\com.android.support\appcompat-v7\24.0.0\jars\classes.jar
java_class_path (initial): D:\AS_SDK\build-tools\23.0.3\lib\dx.jar
Launcher Type: SUN_STANDARD

Environment Variables:
JAVA_HOME=D:\Program Files\Java\jdk1.8.0_25
PATH=D:\Program Files (x86)\Io\IoLanguage\bin;D:\Program Files (x86)\Ruby23-x64\bin;D:\Program Files (x86)\python;C:\Program Files (x86)\NVIDIA Corporation\PhysX\Common;D:\AS_SDK\build-tools\22.0.0;D:\AS_SDK\build-tools\23.0.2;D:\gradle\gradle-2.13\bin;C:\Users\Administrator\Desktop\CURL;C:\ProgramData\Oracle\Java\javapath;C:\Windows\system32;C:\Windows;C:\Windows\System32\Wbem;C:\Windows\System32\WindowsPowerShell\v1.0\;D:\AS_SDK\platform-tools;D:\Program Files\Java\jdk1.8.0_25\bin;D:\SDK\adt-bundle-windows-x86_64-20140702\sdk\build-tools\android-4.4W;D:\groovy-2.4.6\bin;D:\Tomcat\apache-tomcat-8.0.33\bin;D:\apache-maven-3.3.9\bin;D:\Program Files\nodejs\;D:\Program Files (x86)\scala\bin;D:\Go\bin;C:\Users\Administrator\AppData\Local\atom\bin;C:\Users\Administrator\AppData\Roaming\npm
USERNAME=Administrator
OS=Windows_NT
PROCESSOR_IDENTIFIER=Intel64 Family 6 Model 60 Stepping 3, GenuineIntel



---------------  S Y S T E M  ---------------

OS: Windows 7 , 64 bit Build 7601 Service Pack 1

CPU:total 4 (4 cores per cpu, 1 threads per core) family 6 model 60 stepping 3, cmov, cx8, fxsr, mmx, sse, sse2, sse3, ssse3, sse4.1, sse4.2, popcnt, avx, avx2, aes, clmul, erms, lzcnt, tsc, tscinvbit, bmi1, bmi2

Memory: 4k page, physical 12272852k(526752k free), swap 16465320k(4844k free)

vm_info: Java HotSpot(TM) 64-Bit Server VM (25.25-b02) for windows-amd64 JRE (1.8.0_25-b18), built on Oct  7 2014 14:25:37 by "java_re" with MS VC++ 10.0 (VS2010)

time: Thu Oct 27 15:44:56 2016
elapsed time: 1 seconds (0d 0h 0m 1s)

