#
# There is insufficient memory for the Java Runtime Environment to continue.
# Native memory allocation (malloc) failed to allocate 257136 bytes for Chunk::new
# Possible reasons:
#   The system is out of physical RAM or swap space
#   In 32 bit mode, the process size limit was hit
# Possible solutions:
#   Reduce memory load on the system
#   Increase physical memory or swap space
#   Check if swap backing store is full
#   Use 64 bit Java on a 64 bit OS
#   Decrease Java heap size (-Xmx/-Xms)
#   Decrease number of Java threads
#   Decrease Java thread stack sizes (-Xss)
#   Set larger code cache with -XX:ReservedCodeCacheSize=
# This output file may be truncated or incomplete.
#
#  Out of Memory Error (allocation.cpp:390), pid=8896, tid=8684
#
# JRE version: Java(TM) SE Runtime Environment (8.0_25-b18) (build 1.8.0_25-b18)
# Java VM: Java HotSpot(TM) 64-Bit Server VM (25.25-b02 mixed mode windows-amd64 compressed oops)
# Failed to write core dump. Minidumps are not enabled by default on client versions of Windows
#

---------------  T H R E A D  ---------------

Current thread (0x000000005572d000):  JavaThread "C2 CompilerThread0" daemon [_thread_in_native, id=8684, stack(0x0000000057060000,0x0000000057160000)]

Stack: [0x0000000057060000,0x0000000057160000]
Native frames: (J=compiled Java code, j=interpreted, Vv=VM code, C=native code)
V  [jvm.dll+0x31667a]


Current CompileTask:
C2:   3511 1179       4       com.android.dx.ssa.back.LivenessAnalyzer::handleTailRecursion (94 bytes)


---------------  P R O C E S S  ---------------

Java Threads: ( => current thread )
  0x0000000056d82000 JavaThread "pool-1-thread-4" [_thread_blocked, id=9184, stack(0x0000000058690000,0x0000000058790000)]
  0x0000000056d65000 JavaThread "pool-1-thread-3" [_thread_blocked, id=12064, stack(0x0000000058500000,0x0000000058600000)]
  0x0000000056d64800 JavaThread "pool-1-thread-2" [_thread_blocked, id=11972, stack(0x00000000583b0000,0x00000000584b0000)]
  0x0000000056ddc000 JavaThread "pool-2-thread-1" [_thread_blocked, id=13240, stack(0x0000000058190000,0x0000000058290000)]
  0x0000000056ddb000 JavaThread "pool-1-thread-1" [_thread_blocked, id=12044, stack(0x0000000057fe0000,0x00000000580e0000)]
  0x0000000056a81000 JavaThread "Service Thread" daemon [_thread_blocked, id=9612, stack(0x0000000057470000,0x0000000057570000)]
  0x0000000056a27000 JavaThread "C1 CompilerThread2" daemon [_thread_blocked, id=7288, stack(0x0000000057370000,0x0000000057470000)]
  0x0000000056a26000 JavaThread "C2 CompilerThread1" daemon [_thread_in_native, id=8952, stack(0x0000000057170000,0x0000000057270000)]
=>0x000000005572d000 JavaThread "C2 CompilerThread0" daemon [_thread_in_native, id=8684, stack(0x0000000057060000,0x0000000057160000)]
  0x0000000056a1a800 JavaThread "Attach Listener" daemon [_thread_blocked, id=2912, stack(0x00000000567f0000,0x00000000568f0000)]
  0x000000005572a000 JavaThread "Signal Dispatcher" daemon [_thread_blocked, id=1688, stack(0x0000000056e20000,0x0000000056f20000)]
  0x00000000556bf800 JavaThread "Finalizer" daemon [_thread_blocked, id=10124, stack(0x0000000056910000,0x0000000056a10000)]
  0x00000000556bb800 JavaThread "Reference Handler" daemon [_thread_blocked, id=8300, stack(0x0000000056680000,0x0000000056780000)]
  0x0000000002588000 JavaThread "main" [_thread_in_Java, id=13980, stack(0x0000000002850000,0x0000000002950000)]

Other Threads:
  0x00000000556b6000 VMThread [stack: 0x0000000056580000,0x0000000056680000] [id=11360]
  0x0000000056a9f800 WatcherThread [stack: 0x00000000576b0000,0x00000000577b0000] [id=10648]

VM state:not at safepoint (normal execution)

VM Mutex/Monitor currently owned by a thread: None

Heap:
 PSYoungGen      total 56320K, used 17229K [0x00000000eab00000, 0x00000000ee980000, 0x0000000100000000)
  eden space 48640K, 19% used [0x00000000eab00000,0x00000000eb456b20,0x00000000eda80000)
  from space 7680K, 99% used [0x00000000eda80000,0x00000000ee1fcac0,0x00000000ee200000)
  to   space 7680K, 0% used [0x00000000ee200000,0x00000000ee200000,0x00000000ee980000)
 ParOldGen       total 128512K, used 472K [0x00000000c0000000, 0x00000000c7d80000, 0x00000000eab00000)
  object space 128512K, 0% used [0x00000000c0000000,0x00000000c00762a8,0x00000000c7d80000)
 Metaspace       used 5967K, capacity 6896K, committed 7040K, reserved 1056768K
  class space    used 592K, capacity 616K, committed 640K, reserved 1048576K

Card table byte_map: [0x0000000011d10000,0x0000000011f20000] byte_map_base: 0x0000000011710000

Marking Bits: (ParMarkBitMap*) 0x00000000706ad490
 Begin Bits: [0x0000000012890000, 0x0000000013890000)
 End Bits:   [0x0000000013890000, 0x0000000014890000)

Polling page: 0x0000000000330000

CodeCache: size=245760Kb used=4618Kb max_used=4618Kb free=241141Kb
 bounds [0x0000000002950000, 0x0000000002de0000, 0x0000000011950000]
 total_blobs=1449 nmethods=1182 adapters=181
 compilation: enabled

Compilation events (10 events):
Event: 3.508 Thread 0x0000000056a27000 nmethod 1189 0x0000000002dd1f90 code [0x0000000002dd2160, 0x0000000002dd2618]
Event: 3.508 Thread 0x0000000056a27000 1190       1       com.android.dx.ssa.back.FirstFitLocalCombiningAllocator$Multiset::getSize (5 bytes)
Event: 3.508 Thread 0x0000000056a27000 nmethod 1190 0x0000000002dd2b10 code [0x0000000002dd2c60, 0x0000000002dd2d70]
Event: 3.508 Thread 0x0000000056a27000 1191       2       com.android.dx.rop.code.LocalVariableInfo::addAssignment (43 bytes)
Event: 3.508 Thread 0x0000000056a27000 nmethod 1191 0x0000000002dd2dd0 code [0x0000000002dd2f80, 0x0000000002dd3368]
Event: 3.509 Thread 0x0000000056a27000 1192       2       com.android.dx.dex.file.ValueEncoder::addContents (75 bytes)
Event: 3.509 Thread 0x0000000056a27000 nmethod 1192 0x0000000002dd3610 code [0x0000000002dd37c0, 0x0000000002dd3b48]
Event: 3.509 Thread 0x0000000056a27000 1193       2       com.android.dx.rop.cst.CstString::equals (24 bytes)
Event: 3.510 Thread 0x0000000056a27000 nmethod 1193 0x0000000002dd3e10 code [0x0000000002dd3f80, 0x0000000002dd4188]
Event: 3.510 Thread 0x0000000056a27000 1194       2       com.android.dx.ssa.LocalVariableInfo::addAssignment (43 bytes)

GC Heap History (2 events):
Event: 1.281 GC heap before
{Heap before GC invocations=1 (full 0):
 PSYoungGen      total 56320K, used 48640K [0x00000000eab00000, 0x00000000ee980000, 0x0000000100000000)
  eden space 48640K, 100% used [0x00000000eab00000,0x00000000eda80000,0x00000000eda80000)
  from space 7680K, 0% used [0x00000000ee200000,0x00000000ee200000,0x00000000ee980000)
  to   space 7680K, 0% used [0x00000000eda80000,0x00000000eda80000,0x00000000ee200000)
 ParOldGen       total 128512K, used 0K [0x00000000c0000000, 0x00000000c7d80000, 0x00000000eab00000)
  object space 128512K, 0% used [0x00000000c0000000,0x00000000c0000000,0x00000000c7d80000)
 Metaspace       used 5905K, capacity 6832K, committed 7040K, reserved 1056768K
  class space    used 591K, capacity 616K, committed 640K, reserved 1048576K
Event: 2.764 GC heap after
Heap after GC invocations=1 (full 0):
 PSYoungGen      total 56320K, used 7666K [0x00000000eab00000, 0x00000000ee980000, 0x0000000100000000)
  eden space 48640K, 0% used [0x00000000eab00000,0x00000000eab00000,0x00000000eda80000)
  from space 7680K, 99% used [0x00000000eda80000,0x00000000ee1fcac0,0x00000000ee200000)
  to   space 7680K, 0% used [0x00000000ee200000,0x00000000ee200000,0x00000000ee980000)
 ParOldGen       total 128512K, used 472K [0x00000000c0000000, 0x00000000c7d80000, 0x00000000eab00000)
  object space 128512K, 0% used [0x00000000c0000000,0x00000000c00762a8,0x00000000c7d80000)
 Metaspace       used 5905K, capacity 6832K, committed 7040K, reserved 1056768K
  class space    used 591K, capacity 616K, committed 640K, reserved 1048576K
}

Deoptimization events (5 events):
Event: 1.025 Thread 0x0000000002588000 Uncommon trap: reason=null_check action=make_not_entrant pc=0x0000000002cec854 method=com.android.dx.ssa.SsaRenamer.getLocalForNewReg(I)Lcom/android/dx/rop/code/LocalItem; @ 19
Event: 1.128 Thread 0x0000000002588000 Uncommon trap: reason=class_check action=maybe_recompile pc=0x0000000002c77a20 method=com.android.dx.ssa.NormalSsaInsn.accept(Lcom/android/dx/ssa/SsaInsn$Visitor;)V @ 9
Event: 1.128 Thread 0x0000000002588000 Uncommon trap: reason=class_check action=maybe_recompile pc=0x0000000002c77a20 method=com.android.dx.ssa.NormalSsaInsn.accept(Lcom/android/dx/ssa/SsaInsn$Visitor;)V @ 9
Event: 1.128 Thread 0x0000000002588000 Uncommon trap: reason=class_check action=maybe_recompile pc=0x0000000002c77a20 method=com.android.dx.ssa.NormalSsaInsn.accept(Lcom/android/dx/ssa/SsaInsn$Visitor;)V @ 9
Event: 1.128 Thread 0x0000000002588000 Uncommon trap: reason=class_check action=maybe_recompile pc=0x0000000002c77a20 method=com.android.dx.ssa.NormalSsaInsn.accept(Lcom/android/dx/ssa/SsaInsn$Visitor;)V @ 9

Internal exceptions (10 events):
Event: 0.426 Thread 0x0000000056d65000 Exception <a 'java/security/PrivilegedActionException'> (0x00000000ec09fe78) thrown at [D:\re\workspace\8-2-build-windows-amd64-cygwin\jdk8u25\1677\hotspot\src\share\vm\prims\jvm.cpp, line 1312]
Event: 0.427 Thread 0x0000000056d65000 Exception <a 'java/security/PrivilegedActionException'> (0x00000000ec0a88a0) thrown at [D:\re\workspace\8-2-build-windows-amd64-cygwin\jdk8u25\1677\hotspot\src\share\vm\prims\jvm.cpp, line 1312]
Event: 0.427 Thread 0x0000000056d65000 Exception <a 'java/security/PrivilegedActionException'> (0x00000000ec0ada70) thrown at [D:\re\workspace\8-2-build-windows-amd64-cygwin\jdk8u25\1677\hotspot\src\share\vm\prims\jvm.cpp, line 1312]
Event: 0.430 Thread 0x0000000056d65000 Exception <a 'java/security/PrivilegedActionException'> (0x00000000ec0bf5e8) thrown at [D:\re\workspace\8-2-build-windows-amd64-cygwin\jdk8u25\1677\hotspot\src\share\vm\prims\jvm.cpp, line 1312]
Event: 0.431 Thread 0x0000000056d65000 Exception <a 'java/security/PrivilegedActionException'> (0x00000000ec0c22e8) thrown at [D:\re\workspace\8-2-build-windows-amd64-cygwin\jdk8u25\1677\hotspot\src\share\vm\prims\jvm.cpp, line 1312]
Event: 0.431 Thread 0x0000000002588000 Exception <a 'java/security/PrivilegedActionException'> (0x00000000ebe3e778) thrown at [D:\re\workspace\8-2-build-windows-amd64-cygwin\jdk8u25\1677\hotspot\src\share\vm\prims\jvm.cpp, line 1312]
Event: 0.435 Thread 0x0000000056d65000 Exception <a 'java/security/PrivilegedActionException'> (0x00000000ec0d3548) thrown at [D:\re\workspace\8-2-build-windows-amd64-cygwin\jdk8u25\1677\hotspot\src\share\vm\prims\jvm.cpp, line 1312]
Event: 0.439 Thread 0x0000000056d65000 Exception <a 'java/security/PrivilegedActionException'> (0x00000000ec0dc828) thrown at [D:\re\workspace\8-2-build-windows-amd64-cygwin\jdk8u25\1677\hotspot\src\share\vm\prims\jvm.cpp, line 1312]
Event: 1.025 Thread 0x0000000002588000 Implicit null exception at 0x0000000002cea77d to 0x0000000002cec82d
Event: 1.137 Thread 0x0000000002588000 Exception <a 'java/security/PrivilegedActionException'> (0x00000000ecf99f50) thrown at [D:\re\workspace\8-2-build-windows-amd64-cygwin\jdk8u25\1677\hotspot\src\share\vm\prims\jvm.cpp, line 1312]

Events (10 events):
Event: 1.224 loading class java/util/TreeMap$EntrySet
Event: 1.224 loading class java/util/TreeMap$EntrySet done
Event: 1.224 loading class java/util/TreeMap$EntryIterator
Event: 1.225 loading class java/util/TreeMap$EntryIterator done
Event: 1.281 Executing VM operation: ParallelGCFailedAllocation
Event: 2.764 Executing VM operation: ParallelGCFailedAllocation done
Event: 2.766 loading class sun/misc/Cleaner
Event: 2.766 loading class sun/misc/Cleaner done
Event: 3.344 loading class java/util/DualPivotQuicksort
Event: 3.344 loading class java/util/DualPivotQuicksort done


Dynamic libraries:
0x000000013fca0000 - 0x000000013fcd4000 	D:\Program Files\Java\jdk1.8.0_25\bin\java.exe
0x0000000077b40000 - 0x0000000077cea000 	C:\Windows\SYSTEM32\ntdll.dll
0x0000000077a20000 - 0x0000000077b3f000 	C:\Windows\system32\kernel32.dll
0x000007fefe170000 - 0x000007fefe1db000 	C:\Windows\system32\KERNELBASE.dll
0x000007fefeac0000 - 0x000007fefeb9b000 	C:\Windows\system32\ADVAPI32.dll
0x000007fefe520000 - 0x000007fefe5bf000 	C:\Windows\system32\msvcrt.dll
0x000007fefe470000 - 0x000007fefe48f000 	C:\Windows\SYSTEM32\sechost.dll
0x000007fefe630000 - 0x000007fefe75d000 	C:\Windows\system32\RPCRT4.dll
0x0000000077460000 - 0x000000007755a000 	C:\Windows\system32\USER32.dll
0x000007fefe400000 - 0x000007fefe467000 	C:\Windows\system32\GDI32.dll
0x000007fefe5c0000 - 0x000007fefe5ce000 	C:\Windows\system32\LPK.dll
0x000007fefe860000 - 0x000007fefe92a000 	C:\Windows\system32\USP10.dll
0x000007fefc820000 - 0x000007fefca14000 	C:\Windows\WinSxS\amd64_microsoft.windows.common-controls_6595b64144ccf1df_6.0.7601.18837_none_fa3b1e3d17594757\COMCTL32.dll
0x000007fefe7e0000 - 0x000007fefe851000 	C:\Windows\system32\SHLWAPI.dll
0x000007fefea90000 - 0x000007fefeabe000 	C:\Windows\system32\IMM32.DLL
0x000007feffa30000 - 0x000007feffb39000 	C:\Windows\system32\MSCTF.dll
0x0000000055450000 - 0x0000000055522000 	D:\Program Files\Java\jdk1.8.0_25\jre\bin\msvcr100.dll
0x000000006fed0000 - 0x000000007072a000 	D:\Program Files\Java\jdk1.8.0_25\jre\bin\server\jvm.dll
0x000007fefbb80000 - 0x000007fefbb89000 	C:\Windows\system32\WSOCK32.dll
0x000007feffd20000 - 0x000007feffd6d000 	C:\Windows\system32\WS2_32.dll
0x000007fefe1e0000 - 0x000007fefe1e8000 	C:\Windows\system32\NSI.dll
0x000007fefdec0000 - 0x000007fefdefb000 	C:\Windows\system32\WINMM.dll
0x0000000077d10000 - 0x0000000077d17000 	C:\Windows\system32\PSAPI.DLL
0x0000000072a70000 - 0x0000000072a7f000 	D:\Program Files\Java\jdk1.8.0_25\jre\bin\verify.dll
0x000000006b0f0000 - 0x000000006b118000 	D:\Program Files\Java\jdk1.8.0_25\jre\bin\java.dll
0x000000006b0d0000 - 0x000000006b0e6000 	D:\Program Files\Java\jdk1.8.0_25\jre\bin\zip.dll
0x000007fefeca0000 - 0x000007feffa29000 	C:\Windows\system32\SHELL32.dll
0x000007fefe1f0000 - 0x000007fefe3f3000 	C:\Windows\system32\ole32.dll
0x000007fefdd70000 - 0x000007fefdd7f000 	C:\Windows\system32\profapi.dll

VM Arguments:
jvm_args: -Djava.awt.headless=true -Xmx1024M -Dfile.encoding=GBK -Duser.country=CN -Duser.language=zh -Duser.variant 
java_command: com.android.dx.command.Main --dex --num-threads=4 --output C:\Users\Administrator\Desktop\SDKs\10272\Bmob_AndroidSDK_V3.5.1_0719\BmobDemo\app\build\intermediates\pre-dexed\debug\rxjava-1.1.6_bcfaedfe74e244d6617b672016243d47de807c1d.jar C:\Users\Administrator\Desktop\SDKs\10272\Bmob_AndroidSDK_V3.5.1_0719\BmobDemo\app\build\intermediates\exploded-aar\cn.bmob.android\bmob-sdk\3.5.2\jars\libs\rxjava-1.1.6.jar
java_class_path (initial): D:\AS_SDK\build-tools\23.0.3\lib\dx.jar
Launcher Type: SUN_STANDARD

Environment Variables:
JAVA_HOME=D:\Program Files\Java\jdk1.8.0_25
PATH=D:\Program Files (x86)\Io\IoLanguage\bin;D:\Program Files (x86)\Ruby23-x64\bin;D:\Program Files (x86)\python;C:\Program Files (x86)\NVIDIA Corporation\PhysX\Common;D:\AS_SDK\build-tools\22.0.0;D:\AS_SDK\build-tools\23.0.2;D:\gradle\gradle-2.13\bin;C:\Users\Administrator\Desktop\CURL;C:\ProgramData\Oracle\Java\javapath;C:\Windows\system32;C:\Windows;C:\Windows\System32\Wbem;C:\Windows\System32\WindowsPowerShell\v1.0\;D:\AS_SDK\platform-tools;D:\Program Files\Java\jdk1.8.0_25\bin;D:\SDK\adt-bundle-windows-x86_64-20140702\sdk\build-tools\android-4.4W;D:\groovy-2.4.6\bin;D:\Tomcat\apache-tomcat-8.0.33\bin;D:\apache-maven-3.3.9\bin;D:\Program Files\nodejs\;D:\Program Files (x86)\scala\bin;D:\Go\bin;C:\Users\Administrator\AppData\Local\atom\bin;C:\Users\Administrator\AppData\Roaming\npm
USERNAME=Administrator
OS=Windows_NT
PROCESSOR_IDENTIFIER=Intel64 Family 6 Model 60 Stepping 3, GenuineIntel



---------------  S Y S T E M  ---------------

OS: Windows 7 , 64 bit Build 7601 Service Pack 1

CPU:total 4 (4 cores per cpu, 1 threads per core) family 6 model 60 stepping 3, cmov, cx8, fxsr, mmx, sse, sse2, sse3, ssse3, sse4.1, sse4.2, popcnt, avx, avx2, aes, clmul, erms, lzcnt, tsc, tscinvbit, bmi1, bmi2

Memory: 4k page, physical 12272852k(461376k free), swap 16465320k(5196k free)

vm_info: Java HotSpot(TM) 64-Bit Server VM (25.25-b02) for windows-amd64 JRE (1.8.0_25-b18), built on Oct  7 2014 14:25:37 by "java_re" with MS VC++ 10.0 (VS2010)

time: Thu Oct 27 15:45:26 2016
elapsed time: 3 seconds (0d 0h 0m 3s)

