#
# There is insufficient memory for the Java Runtime Environment to continue.
# Native memory allocation (malloc) failed to allocate 2240816 bytes for Chunk::new
# Possible reasons:
#   The system is out of physical RAM or swap space
#   In 32 bit mode, the process size limit was hit
# Possible solutions:
#   Reduce memory load on the system
#   Increase physical memory or swap space
#   Check if swap backing store is full
#   Use 64 bit Java on a 64 bit OS
#   Decrease Java heap size (-Xmx/-Xms)
#   Decrease number of Java threads
#   Decrease Java thread stack sizes (-Xss)
#   Set larger code cache with -XX:ReservedCodeCacheSize=
# This output file may be truncated or incomplete.
#
#  Out of Memory Error (allocation.cpp:390), pid=12976, tid=11160
#
# JRE version: Java(TM) SE Runtime Environment (8.0_25-b18) (build 1.8.0_25-b18)
# Java VM: Java HotSpot(TM) 64-Bit Server VM (25.25-b02 mixed mode windows-amd64 compressed oops)
# Failed to write core dump. Minidumps are not enabled by default on client versions of Windows
#

---------------  T H R E A D  ---------------

Current thread (0x000000005680b800):  JavaThread "C2 CompilerThread0" daemon [_thread_in_native, id=11160, stack(0x0000000056c90000,0x0000000056d90000)]

Stack: [0x0000000056c90000,0x0000000056d90000]
Native frames: (J=compiled Java code, j=interpreted, Vv=VM code, C=native code)
V  [jvm.dll+0x31667a]
V  [jvm.dll+0x267073]
V  [jvm.dll+0x267cb3]
V  [jvm.dll+0x25f5b5]
V  [jvm.dll+0xbf165]
V  [jvm.dll+0xbf60c]
V  [jvm.dll+0x45d672]
V  [jvm.dll+0x49e8ef]
V  [jvm.dll+0x452b41]
V  [jvm.dll+0x453864]
V  [jvm.dll+0x437372]
V  [jvm.dll+0x98a02]
V  [jvm.dll+0x991f3]
V  [jvm.dll+0x22bde4]
V  [jvm.dll+0x2852fa]
C  [msvcr100.dll+0x21d9f]
C  [msvcr100.dll+0x21e3b]
C  [kernel32.dll+0x159ed]
C  [ntdll.dll+0x2b371]


Current CompileTask:
C2:   3539 1516   !   4       com.android.dx.cf.cst.ConstantPoolParser::parse0 (731 bytes)


---------------  P R O C E S S  ---------------

Java Threads: ( => current thread )
  0x0000000056b1d800 JavaThread "pool-1-thread-4" [_thread_blocked, id=13612, stack(0x0000000056ea0000,0x0000000056fa0000)]
  0x0000000056b1c800 JavaThread "pool-1-thread-3" [_thread_blocked, id=9592, stack(0x0000000058220000,0x0000000058320000)]
  0x0000000056b1b000 JavaThread "pool-1-thread-2" [_thread_blocked, id=12036, stack(0x0000000057490000,0x0000000057590000)]
  0x00000000576ea000 JavaThread "pool-2-thread-1" [_thread_blocked, id=3728, stack(0x00000000580c0000,0x00000000581c0000)]
  0x00000000576e9000 JavaThread "pool-1-thread-1" [_thread_blocked, id=9048, stack(0x0000000057f70000,0x0000000058070000)]
  0x0000000056817800 JavaThread "Service Thread" daemon [_thread_blocked, id=7428, stack(0x0000000057370000,0x0000000057470000)]
  0x0000000056815000 JavaThread "C1 CompilerThread2" daemon [_thread_blocked, id=8248, stack(0x00000000571f0000,0x00000000572f0000)]
  0x0000000056814000 JavaThread "C2 CompilerThread1" daemon [_thread_in_native, id=14172, stack(0x0000000056ff0000,0x00000000570f0000)]
=>0x000000005680b800 JavaThread "C2 CompilerThread0" daemon [_thread_in_native, id=11160, stack(0x0000000056c90000,0x0000000056d90000)]
  0x000000005680a800 JavaThread "Attach Listener" daemon [_thread_blocked, id=10052, stack(0x0000000056da0000,0x0000000056ea0000)]
  0x0000000055268000 JavaThread "Signal Dispatcher" daemon [_thread_blocked, id=6160, stack(0x0000000056560000,0x0000000056660000)]
  0x00000000551ff800 JavaThread "Finalizer" daemon [_thread_blocked, id=7496, stack(0x0000000056700000,0x0000000056800000)]
  0x00000000551fb800 JavaThread "Reference Handler" daemon [_thread_blocked, id=13716, stack(0x0000000056440000,0x0000000056540000)]
  0x000000000264e800 JavaThread "main" [_thread_blocked, id=12624, stack(0x0000000002830000,0x0000000002930000)]

Other Threads:
  0x00000000551f6000 VMThread [stack: 0x00000000122f0000,0x00000000123f0000] [id=11996]
  0x000000005681e000 WatcherThread [stack: 0x00000000575e0000,0x00000000576e0000] [id=8228]

VM state:not at safepoint (normal execution)

VM Mutex/Monitor currently owned by a thread: None

Heap:
 PSYoungGen      total 56320K, used 41212K [0x00000000eab00000, 0x00000000ee980000, 0x0000000100000000)
  eden space 48640K, 68% used [0x00000000eab00000,0x00000000ecbc1d58,0x00000000eda80000)
  from space 7680K, 99% used [0x00000000eda80000,0x00000000ee1fd590,0x00000000ee200000)
  to   space 7680K, 0% used [0x00000000ee200000,0x00000000ee200000,0x00000000ee980000)
 ParOldGen       total 128512K, used 593K [0x00000000c0000000, 0x00000000c7d80000, 0x00000000eab00000)
  object space 128512K, 0% used [0x00000000c0000000,0x00000000c0094568,0x00000000c7d80000)
 Metaspace       used 6229K, capacity 7088K, committed 7296K, reserved 1056768K
  class space    used 596K, capacity 616K, committed 640K, reserved 1048576K

Card table byte_map: [0x0000000011cf0000,0x0000000011f00000] byte_map_base: 0x00000000116f0000

Marking Bits: (ParMarkBitMap*) 0x00000000706ad490
 Begin Bits: [0x0000000012670000, 0x0000000013670000)
 End Bits:   [0x0000000013670000, 0x0000000014670000)

Polling page: 0x0000000000230000

CodeCache: size=245760Kb used=6616Kb max_used=6616Kb free=239143Kb
 bounds [0x0000000002930000, 0x0000000002fb0000, 0x0000000011930000]
 total_blobs=1920 nmethods=1654 adapters=180
 compilation: enabled

Compilation events (10 events):
Event: 3.423 Thread 0x0000000056815000 1667       3       com.android.dx.rop.cst.CstDouble::getType (4 bytes)
Event: 3.423 Thread 0x0000000056815000 nmethod 1667 0x0000000002fa5950 code [0x0000000002fa5aa0, 0x0000000002fa5bf0]
Event: 3.423 Thread 0x0000000056815000 1668       3       com.android.dx.ssa.back.FirstFitLocalCombiningAllocator::isEven (12 bytes)
Event: 3.423 Thread 0x0000000056815000 nmethod 1668 0x0000000002fa5c90 code [0x0000000002fa5de0, 0x0000000002fa5f70]
Event: 3.423 Thread 0x0000000056815000 1669       3       com.android.dx.ssa.SCCP::simulateMath (424 bytes)
Event: 3.424 Thread 0x0000000056815000 nmethod 1669 0x0000000002fa6010 code [0x0000000002fa62c0, 0x0000000002fa7b88]
Event: 3.424 Thread 0x0000000056815000 1671       3       com.android.dx.ssa.back.FirstFitLocalCombiningAllocator$Alignment$2::nextClearBit (26 bytes)
Event: 3.424 Thread 0x0000000056815000 nmethod 1671 0x0000000002fa8610 code [0x0000000002fa87a0, 0x0000000002fa8b58]
Event: 3.424 Thread 0x0000000056815000 1670       3       com.android.dx.ssa.back.FirstFitLocalCombiningAllocator::access$100 (5 bytes)
Event: 3.424 Thread 0x0000000056815000 nmethod 1670 0x0000000002fa8d10 code [0x0000000002fa8e80, 0x0000000002fa9070]

GC Heap History (2 events):
Event: 2.621 GC heap before
{Heap before GC invocations=1 (full 0):
 PSYoungGen      total 56320K, used 48640K [0x00000000eab00000, 0x00000000ee980000, 0x0000000100000000)
  eden space 48640K, 100% used [0x00000000eab00000,0x00000000eda80000,0x00000000eda80000)
  from space 7680K, 0% used [0x00000000ee200000,0x00000000ee200000,0x00000000ee980000)
  to   space 7680K, 0% used [0x00000000eda80000,0x00000000eda80000,0x00000000ee200000)
 ParOldGen       total 128512K, used 0K [0x00000000c0000000, 0x00000000c7d80000, 0x00000000eab00000)
  object space 128512K, 0% used [0x00000000c0000000,0x00000000c0000000,0x00000000c7d80000)
 Metaspace       used 6049K, capacity 6960K, committed 7040K, reserved 1056768K
  class space    used 595K, capacity 616K, committed 640K, reserved 1048576K
Event: 2.844 GC heap after
Heap after GC invocations=1 (full 0):
 PSYoungGen      total 56320K, used 7669K [0x00000000eab00000, 0x00000000ee980000, 0x0000000100000000)
  eden space 48640K, 0% used [0x00000000eab00000,0x00000000eab00000,0x00000000eda80000)
  from space 7680K, 99% used [0x00000000eda80000,0x00000000ee1fd590,0x00000000ee200000)
  to   space 7680K, 0% used [0x00000000ee200000,0x00000000ee200000,0x00000000ee980000)
 ParOldGen       total 128512K, used 593K [0x00000000c0000000, 0x00000000c7d80000, 0x00000000eab00000)
  object space 128512K, 0% used [0x00000000c0000000,0x00000000c0094568,0x00000000c7d80000)
 Metaspace       used 6049K, capacity 6960K, committed 7040K, reserved 1056768K
  class space    used 595K, capacity 616K, committed 640K, reserved 1048576K
}

Deoptimization events (10 events):
Event: 2.305 Thread 0x0000000056b1d800 Uncommon trap: reason=class_check action=maybe_recompile pc=0x0000000002cfb464 method=com.android.dx.rop.type.Type.equals(Ljava/lang/Object;)Z @ 8
Event: 2.547 Thread 0x000000000264e800 Uncommon trap: reason=unreached action=reinterpret pc=0x0000000002cbef44 method=com.android.dx.rop.cst.Constant.compareTo(Lcom/android/dx/rop/cst/Constant;)I @ 12
Event: 2.566 Thread 0x00000000576e9000 Uncommon trap: reason=bimorphic action=maybe_recompile pc=0x0000000002bc4078 method=java.util.HashMap.getNode(ILjava/lang/Object;)Ljava/util/HashMap$Node; @ 126
Event: 2.972 Thread 0x000000000264e800 Uncommon trap: reason=bimorphic action=maybe_recompile pc=0x0000000002bc4078 method=java.util.HashMap.getNode(ILjava/lang/Object;)Ljava/util/HashMap$Node; @ 126
Event: 2.972 Thread 0x000000000264e800 Uncommon trap: reason=bimorphic action=maybe_recompile pc=0x0000000002bc4078 method=java.util.HashMap.getNode(ILjava/lang/Object;)Ljava/util/HashMap$Node; @ 126
Event: 3.230 Thread 0x0000000056b1b000 Uncommon trap: reason=null_check action=make_not_entrant pc=0x0000000002e27894 method=com.android.dx.ssa.SsaRenamer.getLocalForNewReg(I)Lcom/android/dx/rop/code/LocalItem; @ 19
Event: 3.280 Thread 0x0000000056b1b000 Uncommon trap: reason=unreached action=reinterpret pc=0x0000000002ebfe68 method=com.android.dx.ssa.SCCP.simulateBranch(Lcom/android/dx/ssa/SsaInsn;)V @ 132
Event: 3.333 Thread 0x0000000056b1b000 Uncommon trap: reason=uninitialized action=reinterpret pc=0x0000000002e9bc54 method=com.android.dx.cf.code.BytecodeArray.parseInstruction(ILcom/android/dx/cf/code/BytecodeArray$Visitor;)I @ 999
Event: 3.343 Thread 0x0000000056b1b000 Uncommon trap: reason=bimorphic action=maybe_recompile pc=0x0000000002b770c0 method=java.util.HashMap.getNode(ILjava/lang/Object;)Ljava/util/HashMap$Node; @ 126
Event: 3.343 Thread 0x0000000056b1b000 Uncommon trap: reason=bimorphic action=maybe_recompile pc=0x0000000002de12fc method=java.util.HashMap.putVal(ILjava/lang/Object;Ljava/lang/Object;ZZ)Ljava/lang/Object; @ 203

Internal exceptions (10 events):
Event: 0.865 Thread 0x0000000056b1c800 Exception <a 'java/security/PrivilegedActionException'> (0x00000000ebbcd790) thrown at [D:\re\workspace\8-2-build-windows-amd64-cygwin\jdk8u25\1677\hotspot\src\share\vm\prims\jvm.cpp, line 1312]
Event: 0.872 Thread 0x0000000056b1c800 Exception <a 'java/security/PrivilegedActionException'> (0x00000000ebc0b408) thrown at [D:\re\workspace\8-2-build-windows-amd64-cygwin\jdk8u25\1677\hotspot\src\share\vm\prims\jvm.cpp, line 1312]
Event: 0.882 Thread 0x0000000056b1c800 Exception <a 'java/security/PrivilegedActionException'> (0x00000000ebc51cd0) thrown at [D:\re\workspace\8-2-build-windows-amd64-cygwin\jdk8u25\1677\hotspot\src\share\vm\prims\jvm.cpp, line 1312]
Event: 0.892 Thread 0x0000000056b1c800 Exception <a 'java/security/PrivilegedActionException'> (0x00000000ebc9ae48) thrown at [D:\re\workspace\8-2-build-windows-amd64-cygwin\jdk8u25\1677\hotspot\src\share\vm\prims\jvm.cpp, line 1312]
Event: 0.974 Thread 0x0000000056b1c800 Exception <a 'java/security/PrivilegedActionException'> (0x00000000ebe04b60) thrown at [D:\re\workspace\8-2-build-windows-amd64-cygwin\jdk8u25\1677\hotspot\src\share\vm\prims\jvm.cpp, line 1312]
Event: 1.434 Thread 0x00000000576e9000 Exception <a 'java/security/PrivilegedActionException'> (0x00000000ec0431e0) thrown at [D:\re\workspace\8-2-build-windows-amd64-cygwin\jdk8u25\1677\hotspot\src\share\vm\prims\jvm.cpp, line 1312]
Event: 2.194 Thread 0x0000000056b1b000 Exception <a 'java/security/PrivilegedActionException'> (0x00000000ebac4958) thrown at [D:\re\workspace\8-2-build-windows-amd64-cygwin\jdk8u25\1677\hotspot\src\share\vm\prims\jvm.cpp, line 1312]
Event: 2.261 Thread 0x000000000264e800 Exception <a 'java/security/PrivilegedActionException'> (0x00000000ec1ea590) thrown at [D:\re\workspace\8-2-build-windows-amd64-cygwin\jdk8u25\1677\hotspot\src\share\vm\prims\jvm.cpp, line 1312]
Event: 3.230 Thread 0x0000000056b1b000 Implicit null exception at 0x0000000002e2557b to 0x0000000002e27865
Event: 3.272 Thread 0x000000000264e800 Exception <a 'java/security/PrivilegedActionException'> (0x00000000ebad2710) thrown at [D:\re\workspace\8-2-build-windows-amd64-cygwin\jdk8u25\1677\hotspot\src\share\vm\prims\jvm.cpp, line 1312]

Events (10 events):
Event: 3.333 Thread 0x0000000056b1b000 DEOPT PACKING pc=0x0000000002e9bc54 sp=0x000000005758ebb0
Event: 3.333 Thread 0x0000000056b1b000 DEOPT UNPACKING pc=0x000000000297556a sp=0x000000005758eb50 mode 2
Event: 3.343 Thread 0x0000000056b1b000 Uncommon trap: trap_request=0xffffffc6 fr.pc=0x0000000002b770c0
Event: 3.343 Thread 0x0000000056b1b000 DEOPT PACKING pc=0x0000000002b770c0 sp=0x000000005758e950
Event: 3.343 Thread 0x0000000056b1b000 DEOPT UNPACKING pc=0x000000000297556a sp=0x000000005758e8c0 mode 2
Event: 3.343 Thread 0x0000000056b1b000 Uncommon trap: trap_request=0xffffffc6 fr.pc=0x0000000002de12fc
Event: 3.343 Thread 0x0000000056b1b000 DEOPT PACKING pc=0x0000000002de12fc sp=0x000000005758e920
Event: 3.343 Thread 0x0000000056b1b000 DEOPT UNPACKING pc=0x000000000297556a sp=0x000000005758e898 mode 2
Event: 3.376 Executing VM operation: ForceSafepoint
Event: 3.416 Executing VM operation: ForceSafepoint done


Dynamic libraries:
0x000000013fca0000 - 0x000000013fcd4000 	D:\Program Files\Java\jdk1.8.0_25\bin\java.exe
0x0000000077b40000 - 0x0000000077cea000 	C:\Windows\SYSTEM32\ntdll.dll
0x0000000077a20000 - 0x0000000077b3f000 	C:\Windows\system32\kernel32.dll
0x000007fefe170000 - 0x000007fefe1db000 	C:\Windows\system32\KERNELBASE.dll
0x000007fefeac0000 - 0x000007fefeb9b000 	C:\Windows\system32\ADVAPI32.dll
0x000007fefe520000 - 0x000007fefe5bf000 	C:\Windows\system32\msvcrt.dll
0x000007fefe470000 - 0x000007fefe48f000 	C:\Windows\SYSTEM32\sechost.dll
0x000007fefe630000 - 0x000007fefe75d000 	C:\Windows\system32\RPCRT4.dll
0x0000000077460000 - 0x000000007755a000 	C:\Windows\system32\USER32.dll
0x000007fefe400000 - 0x000007fefe467000 	C:\Windows\system32\GDI32.dll
0x000007fefe5c0000 - 0x000007fefe5ce000 	C:\Windows\system32\LPK.dll
0x000007fefe860000 - 0x000007fefe92a000 	C:\Windows\system32\USP10.dll
0x000007fefc820000 - 0x000007fefca14000 	C:\Windows\WinSxS\amd64_microsoft.windows.common-controls_6595b64144ccf1df_6.0.7601.18837_none_fa3b1e3d17594757\COMCTL32.dll
0x000007fefe7e0000 - 0x000007fefe851000 	C:\Windows\system32\SHLWAPI.dll
0x000007fefea90000 - 0x000007fefeabe000 	C:\Windows\system32\IMM32.DLL
0x000007feffa30000 - 0x000007feffb39000 	C:\Windows\system32\MSCTF.dll
0x0000000055450000 - 0x0000000055522000 	D:\Program Files\Java\jdk1.8.0_25\jre\bin\msvcr100.dll
0x000000006fed0000 - 0x000000007072a000 	D:\Program Files\Java\jdk1.8.0_25\jre\bin\server\jvm.dll
0x000007fefbb80000 - 0x000007fefbb89000 	C:\Windows\system32\WSOCK32.dll
0x000007feffd20000 - 0x000007feffd6d000 	C:\Windows\system32\WS2_32.dll
0x000007fefe1e0000 - 0x000007fefe1e8000 	C:\Windows\system32\NSI.dll
0x000007fefdec0000 - 0x000007fefdefb000 	C:\Windows\system32\WINMM.dll
0x0000000077d10000 - 0x0000000077d17000 	C:\Windows\system32\PSAPI.DLL
0x0000000072a70000 - 0x0000000072a7f000 	D:\Program Files\Java\jdk1.8.0_25\jre\bin\verify.dll
0x000000006b0f0000 - 0x000000006b118000 	D:\Program Files\Java\jdk1.8.0_25\jre\bin\java.dll
0x000000006b0d0000 - 0x000000006b0e6000 	D:\Program Files\Java\jdk1.8.0_25\jre\bin\zip.dll
0x000007fefeca0000 - 0x000007feffa29000 	C:\Windows\system32\SHELL32.dll
0x000007fefe1f0000 - 0x000007fefe3f3000 	C:\Windows\system32\ole32.dll
0x000007fefdd70000 - 0x000007fefdd7f000 	C:\Windows\system32\profapi.dll
0x000007feefba0000 - 0x000007feefcc5000 	C:\Windows\system32\dbghelp.dll

VM Arguments:
jvm_args: -Djava.awt.headless=true -Xmx1024M -Dfile.encoding=GBK -Duser.country=CN -Duser.language=zh -Duser.variant 
java_command: com.android.dx.command.Main --dex --num-threads=4 --output C:\Users\Administrator\Desktop\SDKs\10272\Bmob_AndroidSDK_V3.5.1_0719\BmobDemo\app\build\intermediates\pre-dexed\debug\com.android.support-appcompat-v7-24.0.0_b2d633f31f6e895759958b7d1cdc61344a7cb192.jar C:\Users\Administrator\Desktop\SDKs\10272\Bmob_AndroidSDK_V3.5.1_0719\BmobDemo\app\build\intermediates\exploded-aar\com.android.support\appcompat-v7\24.0.0\jars\classes.jar
java_class_path (initial): D:\AS_SDK\build-tools\23.0.3\lib\dx.jar
Launcher Type: SUN_STANDARD

Environment Variables:
JAVA_HOME=D:\Program Files\Java\jdk1.8.0_25
PATH=D:\Program Files (x86)\Io\IoLanguage\bin;D:\Program Files (x86)\Ruby23-x64\bin;D:\Program Files (x86)\python;C:\Program Files (x86)\NVIDIA Corporation\PhysX\Common;D:\AS_SDK\build-tools\22.0.0;D:\AS_SDK\build-tools\23.0.2;D:\gradle\gradle-2.13\bin;C:\Users\Administrator\Desktop\CURL;C:\ProgramData\Oracle\Java\javapath;C:\Windows\system32;C:\Windows;C:\Windows\System32\Wbem;C:\Windows\System32\WindowsPowerShell\v1.0\;D:\AS_SDK\platform-tools;D:\Program Files\Java\jdk1.8.0_25\bin;D:\SDK\adt-bundle-windows-x86_64-20140702\sdk\build-tools\android-4.4W;D:\groovy-2.4.6\bin;D:\Tomcat\apache-tomcat-8.0.33\bin;D:\apache-maven-3.3.9\bin;D:\Program Files\nodejs\;D:\Program Files (x86)\scala\bin;D:\Go\bin;C:\Users\Administrator\AppData\Local\atom\bin;C:\Users\Administrator\AppData\Roaming\npm
USERNAME=Administrator
OS=Windows_NT
PROCESSOR_IDENTIFIER=Intel64 Family 6 Model 60 Stepping 3, GenuineIntel



---------------  S Y S T E M  ---------------

OS: Windows 7 , 64 bit Build 7601 Service Pack 1

CPU:total 4 (4 cores per cpu, 1 threads per core) family 6 model 60 stepping 3, cmov, cx8, fxsr, mmx, sse, sse2, sse3, ssse3, sse4.1, sse4.2, popcnt, avx, avx2, aes, clmul, erms, lzcnt, tsc, tscinvbit, bmi1, bmi2

Memory: 4k page, physical 12272852k(466132k free), swap 16465320k(5352k free)

vm_info: Java HotSpot(TM) 64-Bit Server VM (25.25-b02) for windows-amd64 JRE (1.8.0_25-b18), built on Oct  7 2014 14:25:37 by "java_re" with MS VC++ 10.0 (VS2010)

time: Thu Oct 27 15:45:26 2016
elapsed time: 3 seconds (0d 0h 0m 3s)

