#
# There is insufficient memory for the Java Runtime Environment to continue.
# Native memory allocation (malloc) failed to allocate 150432 bytes for Chunk::new
# Possible reasons:
#   The system is out of physical RAM or swap space
#   In 32 bit mode, the process size limit was hit
# Possible solutions:
#   Reduce memory load on the system
#   Increase physical memory or swap space
#   Check if swap backing store is full
#   Use 64 bit Java on a 64 bit OS
#   Decrease Java heap size (-Xmx/-Xms)
#   Decrease number of Java threads
#   Decrease Java thread stack sizes (-Xss)
#   Set larger code cache with -XX:ReservedCodeCacheSize=
# This output file may be truncated or incomplete.
#
#  Out of Memory Error (allocation.cpp:390), pid=2964, tid=7608
#
# JRE version: Java(TM) SE Runtime Environment (8.0_25-b18) (build 1.8.0_25-b18)
# Java VM: Java HotSpot(TM) 64-Bit Server VM (25.25-b02 mixed mode windows-amd64 compressed oops)
# Failed to write core dump. Minidumps are not enabled by default on client versions of Windows
#

---------------  T H R E A D  ---------------

Current thread (0x00000000565f7800):  JavaThread "C2 CompilerThread0" daemon [_thread_in_native, id=7608, stack(0x0000000056a20000,0x0000000056b20000)]

Stack: [0x0000000056a20000,0x0000000056b20000]
Native frames: (J=compiled Java code, j=interpreted, Vv=VM code, C=native code)
V  [jvm.dll+0x31667a]


Current CompileTask:
C2:   1903 1420       4       com.android.dx.ssa.LocalVariableExtractor::processBlock (383 bytes)


---------------  P R O C E S S  ---------------

Java Threads: ( => current thread )
  0x0000000057290800 JavaThread "pool-1-thread-4" [_thread_blocked, id=2824, stack(0x0000000058010000,0x0000000058110000)]
  0x00000000568f2000 JavaThread "pool-1-thread-3" [_thread_blocked, id=4916, stack(0x0000000057ea0000,0x0000000057fa0000)]
  0x00000000568f1800 JavaThread "pool-1-thread-2" [_thread_blocked, id=13056, stack(0x0000000057b10000,0x0000000057c10000)]
  0x0000000056899000 JavaThread "pool-2-thread-1" [_thread_blocked, id=1364, stack(0x0000000057d80000,0x0000000057e80000)]
  0x0000000056982800 JavaThread "pool-1-thread-1" [_thread_blocked, id=13076, stack(0x0000000057c20000,0x0000000057d20000)]
  0x0000000056667800 JavaThread "Service Thread" daemon [_thread_blocked, id=9208, stack(0x0000000056f00000,0x0000000057000000)]
  0x0000000054f6c000 JavaThread "C1 CompilerThread2" daemon [_thread_blocked, id=4936, stack(0x0000000057010000,0x0000000057110000)]
  0x00000000565fb000 JavaThread "C2 CompilerThread1" daemon [_thread_in_native, id=8044, stack(0x0000000056d80000,0x0000000056e80000)]
=>0x00000000565f7800 JavaThread "C2 CompilerThread0" daemon [_thread_in_native, id=7608, stack(0x0000000056a20000,0x0000000056b20000)]
  0x00000000565f7000 JavaThread "Attach Listener" daemon [_thread_blocked, id=10500, stack(0x0000000056b40000,0x0000000056c40000)]
  0x00000000565e9000 JavaThread "Signal Dispatcher" daemon [_thread_blocked, id=9656, stack(0x0000000056290000,0x0000000056390000)]
  0x0000000054eff800 JavaThread "Finalizer" daemon [_thread_blocked, id=8536, stack(0x00000000564e0000,0x00000000565e0000)]
  0x0000000054efb800 JavaThread "Reference Handler" daemon [_thread_blocked, id=11248, stack(0x0000000056390000,0x0000000056490000)]
  0x000000000027e800 JavaThread "main" [_thread_blocked, id=13624, stack(0x00000000027d0000,0x00000000028d0000)]

Other Threads:
  0x0000000054ef6000 VMThread [stack: 0x0000000056170000,0x0000000056270000] [id=6464]
  0x000000005667b000 WatcherThread [stack: 0x0000000057190000,0x0000000057290000] [id=11536]

VM state:not at safepoint (normal execution)

VM Mutex/Monitor currently owned by a thread: None

Heap:
 PSYoungGen      total 56320K, used 9962K [0x00000000eab00000, 0x00000000ee980000, 0x0000000100000000)
  eden space 48640K, 4% used [0x00000000eab00000,0x00000000ead406f0,0x00000000eda80000)
  from space 7680K, 99% used [0x00000000eda80000,0x00000000ee1fa360,0x00000000ee200000)
  to   space 7680K, 0% used [0x00000000ee200000,0x00000000ee200000,0x00000000ee980000)
 ParOldGen       total 128512K, used 16K [0x00000000c0000000, 0x00000000c7d80000, 0x00000000eab00000)
  object space 128512K, 0% used [0x00000000c0000000,0x00000000c0004000,0x00000000c7d80000)
 Metaspace       used 6116K, capacity 7024K, committed 7296K, reserved 1056768K
  class space    used 594K, capacity 616K, committed 640K, reserved 1048576K

Card table byte_map: [0x0000000011c90000,0x0000000011ea0000] byte_map_base: 0x0000000011690000

Marking Bits: (ParMarkBitMap*) 0x00000000706ad490
 Begin Bits: [0x0000000012370000, 0x0000000013370000)
 End Bits:   [0x0000000013370000, 0x0000000014370000)

Polling page: 0x0000000000240000

CodeCache: size=245760Kb used=5825Kb max_used=5843Kb free=239934Kb
 bounds [0x00000000028d0000, 0x0000000002e90000, 0x00000000118d0000]
 total_blobs=1696 nmethods=1430 adapters=180
 compilation: enabled

Compilation events (10 events):
Event: 1.753 Thread 0x0000000054f6c000 1427       1       com.android.dx.rop.annotation.NameValuePair::getValue (5 bytes)
Event: 1.753 Thread 0x0000000054f6c000 nmethod 1427 0x0000000002e60a10 code [0x0000000002e60b60, 0x0000000002e60c70]
Event: 1.890 Thread 0x0000000054f6c000 1429       3       java.util.concurrent.ThreadPoolExecutor::isRunning (10 bytes)
Event: 1.891 Thread 0x0000000054f6c000 nmethod 1429 0x0000000002e606d0 code [0x0000000002e60820, 0x0000000002e609b0]
Event: 1.891 Thread 0x0000000054f6c000 1430       3       com.android.dx.cf.attrib.AttLocalVariableTable::<init> (8 bytes)
Event: 1.891 Thread 0x0000000054f6c000 nmethod 1430 0x0000000002e60310 code [0x0000000002e60480, 0x0000000002e60628]
Event: 1.891 Thread 0x00000000565fb000 nmethod 1336 0x0000000002e7d790 code [0x0000000002e7dd80, 0x0000000002e82888]
Event: 1.891 Thread 0x00000000565fb000 1424       4       com.android.dx.ssa.SsaRenamer$BlockRenamer::visitNonMoveInsn (14 bytes)
Event: 1.900 Thread 0x00000000565fb000 nmethod 1424 0x0000000002e7c2d0 code [0x0000000002e7c460, 0x0000000002e7ccb0]
Event: 1.900 Thread 0x00000000565fb000 1423       4       com.android.dx.ssa.back.FirstFitLocalCombiningAllocator$1::visitNonMoveInsn (6 bytes)

GC Heap History (2 events):
Event: 1.768 GC heap before
{Heap before GC invocations=1 (full 0):
 PSYoungGen      total 56320K, used 48640K [0x00000000eab00000, 0x00000000ee980000, 0x0000000100000000)
  eden space 48640K, 100% used [0x00000000eab00000,0x00000000eda80000,0x00000000eda80000)
  from space 7680K, 0% used [0x00000000ee200000,0x00000000ee200000,0x00000000ee980000)
  to   space 7680K, 0% used [0x00000000eda80000,0x00000000eda80000,0x00000000ee200000)
 ParOldGen       total 128512K, used 0K [0x00000000c0000000, 0x00000000c7d80000, 0x00000000eab00000)
  object space 128512K, 0% used [0x00000000c0000000,0x00000000c0000000,0x00000000c7d80000)
 Metaspace       used 6111K, capacity 7024K, committed 7296K, reserved 1056768K
  class space    used 593K, capacity 616K, committed 640K, reserved 1048576K
Event: 1.882 GC heap after
Heap after GC invocations=1 (full 0):
 PSYoungGen      total 56320K, used 7656K [0x00000000eab00000, 0x00000000ee980000, 0x0000000100000000)
  eden space 48640K, 0% used [0x00000000eab00000,0x00000000eab00000,0x00000000eda80000)
  from space 7680K, 99% used [0x00000000eda80000,0x00000000ee1fa360,0x00000000ee200000)
  to   space 7680K, 0% used [0x00000000ee200000,0x00000000ee200000,0x00000000ee980000)
 ParOldGen       total 128512K, used 16K [0x00000000c0000000, 0x00000000c7d80000, 0x00000000eab00000)
  object space 128512K, 0% used [0x00000000c0000000,0x00000000c0004000,0x00000000c7d80000)
 Metaspace       used 6111K, capacity 7024K, committed 7296K, reserved 1056768K
  class space    used 593K, capacity 616K, committed 640K, reserved 1048576K
}

Deoptimization events (3 events):
Event: 0.383 Thread 0x0000000056982800 Uncommon trap: reason=class_check action=maybe_recompile pc=0x0000000002b73720 method=com.android.dx.ssa.NormalSsaInsn.accept(Lcom/android/dx/ssa/SsaInsn$Visitor;)V @ 9
Event: 0.390 Thread 0x0000000056982800 Uncommon trap: reason=class_check action=maybe_recompile pc=0x0000000002b73720 method=com.android.dx.ssa.NormalSsaInsn.accept(Lcom/android/dx/ssa/SsaInsn$Visitor;)V @ 9
Event: 0.870 Thread 0x0000000057290800 Uncommon trap: reason=unreached action=reinterpret pc=0x0000000002c64204 method=com.android.dx.rop.cst.Constant.compareTo(Lcom/android/dx/rop/cst/Constant;)I @ 12

Internal exceptions (10 events):
Event: 0.354 Thread 0x0000000056982800 Exception <a 'java/security/PrivilegedActionException'> (0x00000000ebe87bc0) thrown at [D:\re\workspace\8-2-build-windows-amd64-cygwin\jdk8u25\1677\hotspot\src\share\vm\prims\jvm.cpp, line 1312]
Event: 0.479 Thread 0x000000000027e800 Exception <a 'java/security/PrivilegedActionException'> (0x00000000eb8fcc88) thrown at [D:\re\workspace\8-2-build-windows-amd64-cygwin\jdk8u25\1677\hotspot\src\share\vm\prims\jvm.cpp, line 1312]
Event: 0.489 Thread 0x0000000056982800 Exception <a 'java/security/PrivilegedActionException'> (0x00000000ec0928f8) thrown at [D:\re\workspace\8-2-build-windows-amd64-cygwin\jdk8u25\1677\hotspot\src\share\vm\prims\jvm.cpp, line 1312]
Event: 0.739 Thread 0x000000000027e800 Exception <a 'java/security/PrivilegedActionException'> (0x00000000eb90fe50) thrown at [D:\re\workspace\8-2-build-windows-amd64-cygwin\jdk8u25\1677\hotspot\src\share\vm\prims\jvm.cpp, line 1312]
Event: 0.826 Thread 0x000000000027e800 Exception <a 'java/security/PrivilegedActionException'> (0x00000000eb940350) thrown at [D:\re\workspace\8-2-build-windows-amd64-cygwin\jdk8u25\1677\hotspot\src\share\vm\prims\jvm.cpp, line 1312]
Event: 0.827 Thread 0x000000000027e800 Exception <a 'java/security/PrivilegedActionException'> (0x00000000eb94a578) thrown at [D:\re\workspace\8-2-build-windows-amd64-cygwin\jdk8u25\1677\hotspot\src\share\vm\prims\jvm.cpp, line 1312]
Event: 0.827 Thread 0x000000000027e800 Exception <a 'java/security/PrivilegedActionException'> (0x00000000eb94cc88) thrown at [D:\re\workspace\8-2-build-windows-amd64-cygwin\jdk8u25\1677\hotspot\src\share\vm\prims\jvm.cpp, line 1312]
Event: 0.839 Thread 0x0000000056982800 Exception <a 'java/security/PrivilegedActionException'> (0x00000000ec4f5b40) thrown at [D:\re\workspace\8-2-build-windows-amd64-cygwin\jdk8u25\1677\hotspot\src\share\vm\prims\jvm.cpp, line 1312]
Event: 0.839 Thread 0x0000000056982800 Exception <a 'java/security/PrivilegedActionException'> (0x00000000ec4fb2e8) thrown at [D:\re\workspace\8-2-build-windows-amd64-cygwin\jdk8u25\1677\hotspot\src\share\vm\prims\jvm.cpp, line 1312]
Event: 0.839 Thread 0x0000000056982800 Exception <a 'java/security/PrivilegedActionException'> (0x00000000ec500780) thrown at [D:\re\workspace\8-2-build-windows-amd64-cygwin\jdk8u25\1677\hotspot\src\share\vm\prims\jvm.cpp, line 1312]

Events (10 events):
Event: 0.870 Thread 0x0000000057290800 DEOPT PACKING pc=0x0000000002c64204 sp=0x000000005810e260
Event: 0.870 Thread 0x0000000057290800 DEOPT UNPACKING pc=0x000000000291556a sp=0x000000005810e200 mode 2
Event: 0.939 loading class java/util/TreeMap$EntrySet
Event: 0.939 loading class java/util/TreeMap$EntrySet done
Event: 0.939 loading class java/util/TreeMap$EntryIterator
Event: 0.939 loading class java/util/TreeMap$EntryIterator done
Event: 0.939 Executing VM operation: Deoptimize
Event: 0.939 Executing VM operation: Deoptimize done
Event: 1.768 Executing VM operation: ParallelGCFailedAllocation
Event: 1.882 Executing VM operation: ParallelGCFailedAllocation done


Dynamic libraries:
0x000000013fca0000 - 0x000000013fcd4000 	D:\Program Files\Java\jdk1.8.0_25\bin\java.exe
0x0000000077b40000 - 0x0000000077cea000 	C:\Windows\SYSTEM32\ntdll.dll
0x0000000077a20000 - 0x0000000077b3f000 	C:\Windows\system32\kernel32.dll
0x000007fefe170000 - 0x000007fefe1db000 	C:\Windows\system32\KERNELBASE.dll
0x000007fefeac0000 - 0x000007fefeb9b000 	C:\Windows\system32\ADVAPI32.dll
0x000007fefe520000 - 0x000007fefe5bf000 	C:\Windows\system32\msvcrt.dll
0x000007fefe470000 - 0x000007fefe48f000 	C:\Windows\SYSTEM32\sechost.dll
0x000007fefe630000 - 0x000007fefe75d000 	C:\Windows\system32\RPCRT4.dll
0x0000000077460000 - 0x000000007755a000 	C:\Windows\system32\USER32.dll
0x000007fefe400000 - 0x000007fefe467000 	C:\Windows\system32\GDI32.dll
0x000007fefe5c0000 - 0x000007fefe5ce000 	C:\Windows\system32\LPK.dll
0x000007fefe860000 - 0x000007fefe92a000 	C:\Windows\system32\USP10.dll
0x000007fefc820000 - 0x000007fefca14000 	C:\Windows\WinSxS\amd64_microsoft.windows.common-controls_6595b64144ccf1df_6.0.7601.18837_none_fa3b1e3d17594757\COMCTL32.dll
0x000007fefe7e0000 - 0x000007fefe851000 	C:\Windows\system32\SHLWAPI.dll
0x000007fefea90000 - 0x000007fefeabe000 	C:\Windows\system32\IMM32.DLL
0x000007feffa30000 - 0x000007feffb39000 	C:\Windows\system32\MSCTF.dll
0x0000000055450000 - 0x0000000055522000 	D:\Program Files\Java\jdk1.8.0_25\jre\bin\msvcr100.dll
0x000000006fed0000 - 0x000000007072a000 	D:\Program Files\Java\jdk1.8.0_25\jre\bin\server\jvm.dll
0x000007fefbb80000 - 0x000007fefbb89000 	C:\Windows\system32\WSOCK32.dll
0x000007feffd20000 - 0x000007feffd6d000 	C:\Windows\system32\WS2_32.dll
0x000007fefe1e0000 - 0x000007fefe1e8000 	C:\Windows\system32\NSI.dll
0x000007fefdec0000 - 0x000007fefdefb000 	C:\Windows\system32\WINMM.dll
0x0000000077d10000 - 0x0000000077d17000 	C:\Windows\system32\PSAPI.DLL
0x0000000072a70000 - 0x0000000072a7f000 	D:\Program Files\Java\jdk1.8.0_25\jre\bin\verify.dll
0x000000006b0f0000 - 0x000000006b118000 	D:\Program Files\Java\jdk1.8.0_25\jre\bin\java.dll
0x000000006b0d0000 - 0x000000006b0e6000 	D:\Program Files\Java\jdk1.8.0_25\jre\bin\zip.dll
0x000007fefeca0000 - 0x000007feffa29000 	C:\Windows\system32\SHELL32.dll
0x000007fefe1f0000 - 0x000007fefe3f3000 	C:\Windows\system32\ole32.dll
0x000007fefdd70000 - 0x000007fefdd7f000 	C:\Windows\system32\profapi.dll

VM Arguments:
jvm_args: -Djava.awt.headless=true -Xmx1024M -Dfile.encoding=GBK -Duser.country=CN -Duser.language=zh -Duser.variant 
java_command: com.android.dx.command.Main --dex --num-threads=4 --output C:\Users\Administrator\Desktop\SDKs\10272\Bmob_AndroidSDK_V3.5.1_0719\BmobDemo\app\build\intermediates\pre-dexed\debug\internal_impl-24.0.0_9d2cacc25b787d266410189b3a69662a7575ca57.jar C:\Users\Administrator\Desktop\SDKs\10272\Bmob_AndroidSDK_V3.5.1_0719\BmobDemo\app\build\intermediates\exploded-aar\com.android.support\support-v4\24.0.0\jars\libs\internal_impl-24.0.0.jar
java_class_path (initial): D:\AS_SDK\build-tools\23.0.3\lib\dx.jar
Launcher Type: SUN_STANDARD

Environment Variables:
JAVA_HOME=D:\Program Files\Java\jdk1.8.0_25
PATH=D:\Program Files (x86)\Io\IoLanguage\bin;D:\Program Files (x86)\Ruby23-x64\bin;D:\Program Files (x86)\python;C:\Program Files (x86)\NVIDIA Corporation\PhysX\Common;D:\AS_SDK\build-tools\22.0.0;D:\AS_SDK\build-tools\23.0.2;D:\gradle\gradle-2.13\bin;C:\Users\Administrator\Desktop\CURL;C:\ProgramData\Oracle\Java\javapath;C:\Windows\system32;C:\Windows;C:\Windows\System32\Wbem;C:\Windows\System32\WindowsPowerShell\v1.0\;D:\AS_SDK\platform-tools;D:\Program Files\Java\jdk1.8.0_25\bin;D:\SDK\adt-bundle-windows-x86_64-20140702\sdk\build-tools\android-4.4W;D:\groovy-2.4.6\bin;D:\Tomcat\apache-tomcat-8.0.33\bin;D:\apache-maven-3.3.9\bin;D:\Program Files\nodejs\;D:\Program Files (x86)\scala\bin;D:\Go\bin;C:\Users\Administrator\AppData\Local\atom\bin;C:\Users\Administrator\AppData\Roaming\npm
USERNAME=Administrator
OS=Windows_NT
PROCESSOR_IDENTIFIER=Intel64 Family 6 Model 60 Stepping 3, GenuineIntel



---------------  S Y S T E M  ---------------

OS: Windows 7 , 64 bit Build 7601 Service Pack 1

CPU:total 4 (4 cores per cpu, 1 threads per core) family 6 model 60 stepping 3, cmov, cx8, fxsr, mmx, sse, sse2, sse3, ssse3, sse4.1, sse4.2, popcnt, avx, avx2, aes, clmul, erms, lzcnt, tsc, tscinvbit, bmi1, bmi2

Memory: 4k page, physical 12272852k(292612k free), swap 16465320k(5136k free)

vm_info: Java HotSpot(TM) 64-Bit Server VM (25.25-b02) for windows-amd64 JRE (1.8.0_25-b18), built on Oct  7 2014 14:25:37 by "java_re" with MS VC++ 10.0 (VS2010)

time: Thu Oct 27 15:44:31 2016
elapsed time: 1 seconds (0d 0h 0m 1s)

