#
# There is insufficient memory for the Java Runtime Environment to continue.
# Native memory allocation (malloc) failed to allocate 508336 bytes for Chunk::new
# Possible reasons:
#   The system is out of physical RAM or swap space
#   In 32 bit mode, the process size limit was hit
# Possible solutions:
#   Reduce memory load on the system
#   Increase physical memory or swap space
#   Check if swap backing store is full
#   Use 64 bit Java on a 64 bit OS
#   Decrease Java heap size (-Xmx/-Xms)
#   Decrease number of Java threads
#   Decrease Java thread stack sizes (-Xss)
#   Set larger code cache with -XX:ReservedCodeCacheSize=
# This output file may be truncated or incomplete.
#
#  Out of Memory Error (allocation.cpp:390), pid=9584, tid=7380
#
# JRE version: Java(TM) SE Runtime Environment (8.0_25-b18) (build 1.8.0_25-b18)
# Java VM: Java HotSpot(TM) 64-Bit Server VM (25.25-b02 mixed mode windows-amd64 compressed oops)
# Failed to write core dump. Minidumps are not enabled by default on client versions of Windows
#

---------------  T H R E A D  ---------------

Current thread (0x00000000568cb800):  JavaThread "C2 CompilerThread0" daemon [_thread_in_native, id=7380, stack(0x0000000056e50000,0x0000000056f50000)]

Stack: [0x0000000056e50000,0x0000000056f50000]
Native frames: (J=compiled Java code, j=interpreted, Vv=VM code, C=native code)
V  [jvm.dll+0x31667a]


Current CompileTask:
C2:   3542 1473       4       com.android.dx.ssa.SCCP::simulateBranch (666 bytes)


---------------  P R O C E S S  ---------------

Java Threads: ( => current thread )
  0x0000000056be5800 JavaThread "pool-1-thread-4" [_thread_blocked, id=11616, stack(0x0000000057cd0000,0x0000000057dd0000)]
  0x0000000056bd9800 JavaThread "pool-1-thread-3" [_thread_blocked, id=13856, stack(0x0000000057ab0000,0x0000000057bb0000)]
  0x0000000056bd8800 JavaThread "pool-1-thread-2" [_thread_blocked, id=11748, stack(0x0000000057930000,0x0000000057a30000)]
  0x0000000056bd8000 JavaThread "pool-2-thread-1" [_thread_blocked, id=1680, stack(0x00000000576e0000,0x00000000577e0000)]
  0x0000000056bd6000 JavaThread "pool-1-thread-1" [_thread_blocked, id=14064, stack(0x00000000575d0000,0x00000000576d0000)]
  0x00000000568d9800 JavaThread "Service Thread" daemon [_thread_blocked, id=11304, stack(0x0000000057270000,0x0000000057370000)]
  0x00000000568d5000 JavaThread "C1 CompilerThread2" daemon [_thread_blocked, id=13620, stack(0x0000000056f90000,0x0000000057090000)]
  0x00000000568d4000 JavaThread "C2 CompilerThread1" daemon [_thread_blocked, id=11948, stack(0x0000000057090000,0x0000000057190000)]
=>0x00000000568cb800 JavaThread "C2 CompilerThread0" daemon [_thread_in_native, id=7380, stack(0x0000000056e50000,0x0000000056f50000)]
  0x00000000568ca800 JavaThread "Attach Listener" daemon [_thread_blocked, id=3580, stack(0x00000000564b0000,0x00000000565b0000)]
  0x000000005533b800 JavaThread "Signal Dispatcher" daemon [_thread_blocked, id=7460, stack(0x0000000056d50000,0x0000000056e50000)]
  0x00000000552df800 JavaThread "Finalizer" daemon [_thread_blocked, id=11792, stack(0x00000000567c0000,0x00000000568c0000)]
  0x00000000552db800 JavaThread "Reference Handler" daemon [_thread_blocked, id=14244, stack(0x0000000056610000,0x0000000056710000)]
  0x000000000265e800 JavaThread "main" [_thread_blocked, id=12744, stack(0x00000000028f0000,0x00000000029f0000)]

Other Threads:
  0x00000000552d6000 VMThread [stack: 0x0000000056370000,0x0000000056470000] [id=14304]
  0x00000000568e0000 WatcherThread [stack: 0x00000000573c0000,0x00000000574c0000] [id=5656]

VM state:not at safepoint (normal execution)

VM Mutex/Monitor currently owned by a thread: None

Heap:
 PSYoungGen      total 56320K, used 10993K [0x00000000eab00000, 0x00000000ee980000, 0x0000000100000000)
  eden space 48640K, 6% used [0x00000000eab00000,0x00000000eae3ff48,0x00000000eda80000)
  from space 7680K, 99% used [0x00000000eda80000,0x00000000ee1fc868,0x00000000ee200000)
  to   space 7680K, 0% used [0x00000000ee200000,0x00000000ee200000,0x00000000ee980000)
 ParOldGen       total 128512K, used 928K [0x00000000c0000000, 0x00000000c7d80000, 0x00000000eab00000)
  object space 128512K, 0% used [0x00000000c0000000,0x00000000c00e8298,0x00000000c7d80000)
 Metaspace       used 6105K, capacity 7024K, committed 7296K, reserved 1056768K
  class space    used 593K, capacity 616K, committed 640K, reserved 1048576K

Card table byte_map: [0x0000000011db0000,0x0000000011fc0000] byte_map_base: 0x00000000117b0000

Marking Bits: (ParMarkBitMap*) 0x00000000706ad490
 Begin Bits: [0x0000000012750000, 0x0000000013750000)
 End Bits:   [0x0000000013750000, 0x0000000014750000)

Polling page: 0x0000000000140000

CodeCache: size=245760Kb used=5888Kb max_used=5888Kb free=239871Kb
 bounds [0x00000000029f0000, 0x0000000002fc0000, 0x00000000119f0000]
 total_blobs=1758 nmethods=1491 adapters=181
 compilation: enabled

Compilation events (10 events):
Event: 3.393 Thread 0x00000000568d5000 1490       3       java.lang.ref.Finalizer::hasBeenFinalized (14 bytes)
Event: 3.393 Thread 0x00000000568d5000 nmethod 1490 0x0000000002f99390 code [0x0000000002f994e0, 0x0000000002f99690]
Event: 3.393 Thread 0x00000000568d5000 1491   !   3       java.lang.ref.Finalizer::remove (94 bytes)
Event: 3.394 Thread 0x00000000568d5000 nmethod 1491 0x0000000002f98c10 code [0x0000000002f98d80, 0x0000000002f99250]
Event: 3.394 Thread 0x00000000568d5000 1492       3       java.lang.System$2::invokeFinalize (5 bytes)
Event: 3.394 Thread 0x00000000568d5000 nmethod 1492 0x0000000002f98710 code [0x0000000002f98880, 0x0000000002f98aa8]
Event: 3.394 Thread 0x00000000568d5000 1482       3       com.android.dx.ssa.SsaConverter::convertToSsaMethod (41 bytes)
Event: 3.394 Thread 0x00000000568d5000 nmethod 1482 0x0000000002fa88d0 code [0x0000000002fa8b20, 0x0000000002fa9688]
Event: 3.394 Thread 0x00000000568d5000 1477       3       com.android.dx.ssa.NormalSsaInsn::isMoveException (20 bytes)
Event: 3.394 Thread 0x00000000568d5000 nmethod 1477 0x0000000002fa8390 code [0x0000000002fa8500, 0x0000000002fa87f0]

GC Heap History (2 events):
Event: 2.482 GC heap before
{Heap before GC invocations=1 (full 0):
 PSYoungGen      total 56320K, used 48640K [0x00000000eab00000, 0x00000000ee980000, 0x0000000100000000)
  eden space 48640K, 100% used [0x00000000eab00000,0x00000000eda80000,0x00000000eda80000)
  from space 7680K, 0% used [0x00000000ee200000,0x00000000ee200000,0x00000000ee980000)
  to   space 7680K, 0% used [0x00000000eda80000,0x00000000eda80000,0x00000000ee200000)
 ParOldGen       total 128512K, used 0K [0x00000000c0000000, 0x00000000c7d80000, 0x00000000eab00000)
  object space 128512K, 0% used [0x00000000c0000000,0x00000000c0000000,0x00000000c7d80000)
 Metaspace       used 6091K, capacity 7024K, committed 7296K, reserved 1056768K
  class space    used 592K, capacity 616K, committed 640K, reserved 1048576K
Event: 2.862 GC heap after
Heap after GC invocations=1 (full 0):
 PSYoungGen      total 56320K, used 7666K [0x00000000eab00000, 0x00000000ee980000, 0x0000000100000000)
  eden space 48640K, 0% used [0x00000000eab00000,0x00000000eab00000,0x00000000eda80000)
  from space 7680K, 99% used [0x00000000eda80000,0x00000000ee1fc868,0x00000000ee200000)
  to   space 7680K, 0% used [0x00000000ee200000,0x00000000ee200000,0x00000000ee980000)
 ParOldGen       total 128512K, used 928K [0x00000000c0000000, 0x00000000c7d80000, 0x00000000eab00000)
  object space 128512K, 0% used [0x00000000c0000000,0x00000000c00e8298,0x00000000c7d80000)
 Metaspace       used 6091K, capacity 7024K, committed 7296K, reserved 1056768K
  class space    used 592K, capacity 616K, committed 640K, reserved 1048576K
}

Deoptimization events (8 events):
Event: 1.085 Thread 0x000000000265e800 Uncommon trap: reason=null_check action=make_not_entrant pc=0x0000000002d56b14 method=com.android.dx.ssa.SsaRenamer.getLocalForNewReg(I)Lcom/android/dx/rop/code/LocalItem; @ 19
Event: 1.494 Thread 0x0000000056bd6000 Uncommon trap: reason=class_check action=maybe_recompile pc=0x0000000002cc9540 method=com.android.dx.rop.type.Type.equals(Ljava/lang/Object;)Z @ 8
Event: 1.494 Thread 0x0000000056bd6000 Uncommon trap: reason=class_check action=maybe_recompile pc=0x0000000002cc9540 method=com.android.dx.rop.type.Type.equals(Ljava/lang/Object;)Z @ 8
Event: 1.494 Thread 0x0000000056bd6000 Uncommon trap: reason=class_check action=maybe_recompile pc=0x0000000002cc9540 method=com.android.dx.rop.type.Type.equals(Ljava/lang/Object;)Z @ 8
Event: 1.494 Thread 0x0000000056bd6000 Uncommon trap: reason=class_check action=maybe_recompile pc=0x0000000002cc9540 method=com.android.dx.rop.type.Type.equals(Ljava/lang/Object;)Z @ 8
Event: 1.587 Thread 0x0000000056bd6000 Uncommon trap: reason=null_check action=make_not_entrant pc=0x0000000002ea6418 method=com.android.dx.ssa.SsaRenamer.getLocalForNewReg(I)Lcom/android/dx/rop/code/LocalItem; @ 19
Event: 2.137 Thread 0x0000000056bd9800 Uncommon trap: reason=class_check action=maybe_recompile pc=0x0000000002eece6c method=com.android.dx.ssa.SCCP.simulatePhi(Lcom/android/dx/ssa/PhiInsn;)V @ 124
Event: 2.466 Thread 0x0000000056bd9800 Uncommon trap: reason=class_check action=maybe_recompile pc=0x0000000002eece6c method=com.android.dx.ssa.SCCP.simulatePhi(Lcom/android/dx/ssa/PhiInsn;)V @ 124

Internal exceptions (10 events):
Event: 0.600 Thread 0x0000000056bd9800 Exception <a 'java/security/PrivilegedActionException'> (0x00000000ebb58398) thrown at [D:\re\workspace\8-2-build-windows-amd64-cygwin\jdk8u25\1677\hotspot\src\share\vm\prims\jvm.cpp, line 1312]
Event: 0.700 Thread 0x000000000265e800 Exception <a 'java/security/PrivilegedActionException'> (0x00000000ebd35ae8) thrown at [D:\re\workspace\8-2-build-windows-amd64-cygwin\jdk8u25\1677\hotspot\src\share\vm\prims\jvm.cpp, line 1312]
Event: 1.007 Thread 0x000000000265e800 Exception <a 'java/security/PrivilegedActionException'> (0x00000000ebd37cd0) thrown at [D:\re\workspace\8-2-build-windows-amd64-cygwin\jdk8u25\1677\hotspot\src\share\vm\prims\jvm.cpp, line 1312]
Event: 1.008 Thread 0x000000000265e800 Exception <a 'java/security/PrivilegedActionException'> (0x00000000ebd41ce8) thrown at [D:\re\workspace\8-2-build-windows-amd64-cygwin\jdk8u25\1677\hotspot\src\share\vm\prims\jvm.cpp, line 1312]
Event: 1.008 Thread 0x000000000265e800 Exception <a 'java/security/PrivilegedActionException'> (0x00000000ebd44160) thrown at [D:\re\workspace\8-2-build-windows-amd64-cygwin\jdk8u25\1677\hotspot\src\share\vm\prims\jvm.cpp, line 1312]
Event: 1.050 Thread 0x000000000265e800 Exception <a 'java/security/PrivilegedActionException'> (0x00000000ebeadf18) thrown at [D:\re\workspace\8-2-build-windows-amd64-cygwin\jdk8u25\1677\hotspot\src\share\vm\prims\jvm.cpp, line 1312]
Event: 1.085 Thread 0x000000000265e800 Implicit null exception at 0x0000000002d5418c to 0x0000000002d56af1
Event: 1.145 Thread 0x000000000265e800 Exception <a 'java/security/PrivilegedActionException'> (0x00000000ec80a8f0) thrown at [D:\re\workspace\8-2-build-windows-amd64-cygwin\jdk8u25\1677\hotspot\src\share\vm\prims\jvm.cpp, line 1312]
Event: 1.576 Thread 0x0000000056bd6000 Exception <a 'java/security/PrivilegedActionException'> (0x00000000ed7ffb70) thrown at [D:\re\workspace\8-2-build-windows-amd64-cygwin\jdk8u25\1677\hotspot\src\share\vm\prims\jvm.cpp, line 1312]
Event: 1.587 Thread 0x0000000056bd6000 Implicit null exception at 0x0000000002ea4289 to 0x0000000002ea63f1

Events (10 events):
Event: 2.137 Thread 0x0000000056bd9800 Uncommon trap: trap_request=0xffffffde fr.pc=0x0000000002eece6c
Event: 2.137 Thread 0x0000000056bd9800 DEOPT PACKING pc=0x0000000002eece6c sp=0x0000000057baeeb0
Event: 2.137 Thread 0x0000000056bd9800 DEOPT UNPACKING pc=0x0000000002a3556a sp=0x0000000057baee28 mode 2
Event: 2.466 Thread 0x0000000056bd9800 Uncommon trap: trap_request=0xffffffde fr.pc=0x0000000002eece6c
Event: 2.466 Thread 0x0000000056bd9800 DEOPT PACKING pc=0x0000000002eece6c sp=0x0000000057baeeb0
Event: 2.466 Thread 0x0000000056bd9800 DEOPT UNPACKING pc=0x0000000002a3556a sp=0x0000000057baee28 mode 2
Event: 2.482 Executing VM operation: ParallelGCFailedAllocation
Event: 2.862 Executing VM operation: ParallelGCFailedAllocation done
Event: 3.055 loading class sun/misc/Cleaner
Event: 3.055 loading class sun/misc/Cleaner done


Dynamic libraries:
0x000000013fca0000 - 0x000000013fcd4000 	D:\Program Files\Java\jdk1.8.0_25\bin\java.exe
0x0000000077b40000 - 0x0000000077cea000 	C:\Windows\SYSTEM32\ntdll.dll
0x0000000077a20000 - 0x0000000077b3f000 	C:\Windows\system32\kernel32.dll
0x000007fefe170000 - 0x000007fefe1db000 	C:\Windows\system32\KERNELBASE.dll
0x000007fefeac0000 - 0x000007fefeb9b000 	C:\Windows\system32\ADVAPI32.dll
0x000007fefe520000 - 0x000007fefe5bf000 	C:\Windows\system32\msvcrt.dll
0x000007fefe470000 - 0x000007fefe48f000 	C:\Windows\SYSTEM32\sechost.dll
0x000007fefe630000 - 0x000007fefe75d000 	C:\Windows\system32\RPCRT4.dll
0x0000000077460000 - 0x000000007755a000 	C:\Windows\system32\USER32.dll
0x000007fefe400000 - 0x000007fefe467000 	C:\Windows\system32\GDI32.dll
0x000007fefe5c0000 - 0x000007fefe5ce000 	C:\Windows\system32\LPK.dll
0x000007fefe860000 - 0x000007fefe92a000 	C:\Windows\system32\USP10.dll
0x000007fefc820000 - 0x000007fefca14000 	C:\Windows\WinSxS\amd64_microsoft.windows.common-controls_6595b64144ccf1df_6.0.7601.18837_none_fa3b1e3d17594757\COMCTL32.dll
0x000007fefe7e0000 - 0x000007fefe851000 	C:\Windows\system32\SHLWAPI.dll
0x000007fefea90000 - 0x000007fefeabe000 	C:\Windows\system32\IMM32.DLL
0x000007feffa30000 - 0x000007feffb39000 	C:\Windows\system32\MSCTF.dll
0x0000000055450000 - 0x0000000055522000 	D:\Program Files\Java\jdk1.8.0_25\jre\bin\msvcr100.dll
0x000000006fed0000 - 0x000000007072a000 	D:\Program Files\Java\jdk1.8.0_25\jre\bin\server\jvm.dll
0x000007fefbb80000 - 0x000007fefbb89000 	C:\Windows\system32\WSOCK32.dll
0x000007feffd20000 - 0x000007feffd6d000 	C:\Windows\system32\WS2_32.dll
0x000007fefe1e0000 - 0x000007fefe1e8000 	C:\Windows\system32\NSI.dll
0x000007fefdec0000 - 0x000007fefdefb000 	C:\Windows\system32\WINMM.dll
0x0000000077d10000 - 0x0000000077d17000 	C:\Windows\system32\PSAPI.DLL
0x0000000072a70000 - 0x0000000072a7f000 	D:\Program Files\Java\jdk1.8.0_25\jre\bin\verify.dll
0x000000006b0f0000 - 0x000000006b118000 	D:\Program Files\Java\jdk1.8.0_25\jre\bin\java.dll
0x000000006b0d0000 - 0x000000006b0e6000 	D:\Program Files\Java\jdk1.8.0_25\jre\bin\zip.dll
0x000007fefeca0000 - 0x000007feffa29000 	C:\Windows\system32\SHELL32.dll
0x000007fefe1f0000 - 0x000007fefe3f3000 	C:\Windows\system32\ole32.dll
0x000007fefdd70000 - 0x000007fefdd7f000 	C:\Windows\system32\profapi.dll

VM Arguments:
jvm_args: -Djava.awt.headless=true -Xmx1024M -Dfile.encoding=GBK -Duser.country=CN -Duser.language=zh -Duser.variant 
java_command: com.android.dx.command.Main --dex --num-threads=4 --output C:\Users\Administrator\Desktop\SDKs\10272\Bmob_AndroidSDK_V3.5.1_0719\BmobDemo\app\build\intermediates\pre-dexed\debug\gson-2.6.2_8e85cc4ad5306dbf661db1726aece4a60973288c.jar C:\Users\Administrator\Desktop\SDKs\10272\Bmob_AndroidSDK_V3.5.1_0719\BmobDemo\app\build\intermediates\exploded-aar\cn.bmob.android\bmob-sdk\3.5.2\jars\libs\gson-2.6.2.jar
java_class_path (initial): D:\AS_SDK\build-tools\23.0.3\lib\dx.jar
Launcher Type: SUN_STANDARD

Environment Variables:
JAVA_HOME=D:\Program Files\Java\jdk1.8.0_25
PATH=D:\Program Files (x86)\Io\IoLanguage\bin;D:\Program Files (x86)\Ruby23-x64\bin;D:\Program Files (x86)\python;C:\Program Files (x86)\NVIDIA Corporation\PhysX\Common;D:\AS_SDK\build-tools\22.0.0;D:\AS_SDK\build-tools\23.0.2;D:\gradle\gradle-2.13\bin;C:\Users\Administrator\Desktop\CURL;C:\ProgramData\Oracle\Java\javapath;C:\Windows\system32;C:\Windows;C:\Windows\System32\Wbem;C:\Windows\System32\WindowsPowerShell\v1.0\;D:\AS_SDK\platform-tools;D:\Program Files\Java\jdk1.8.0_25\bin;D:\SDK\adt-bundle-windows-x86_64-20140702\sdk\build-tools\android-4.4W;D:\groovy-2.4.6\bin;D:\Tomcat\apache-tomcat-8.0.33\bin;D:\apache-maven-3.3.9\bin;D:\Program Files\nodejs\;D:\Program Files (x86)\scala\bin;D:\Go\bin;C:\Users\Administrator\AppData\Local\atom\bin;C:\Users\Administrator\AppData\Roaming\npm
USERNAME=Administrator
OS=Windows_NT
PROCESSOR_IDENTIFIER=Intel64 Family 6 Model 60 Stepping 3, GenuineIntel



---------------  S Y S T E M  ---------------

OS: Windows 7 , 64 bit Build 7601 Service Pack 1

CPU:total 4 (4 cores per cpu, 1 threads per core) family 6 model 60 stepping 3, cmov, cx8, fxsr, mmx, sse, sse2, sse3, ssse3, sse4.1, sse4.2, popcnt, avx, avx2, aes, clmul, erms, lzcnt, tsc, tscinvbit, bmi1, bmi2

Memory: 4k page, physical 12272852k(465572k free), swap 16465320k(5124k free)

vm_info: Java HotSpot(TM) 64-Bit Server VM (25.25-b02) for windows-amd64 JRE (1.8.0_25-b18), built on Oct  7 2014 14:25:37 by "java_re" with MS VC++ 10.0 (VS2010)

time: Thu Oct 27 15:45:26 2016
elapsed time: 3 seconds (0d 0h 0m 3s)

